{"meta": {"format": 3, "version": "7.9.1", "timestamp": "2025-12-10T12:12:11.701618", "branch_coverage": false, "show_contexts": false}, "files": {"src/radiant_harness/__init__.py": {"executed_lines": [1, 108, 110, 111, 112, 113, 114, 115, 116, 117, 118, 119, 120, 121, 122, 123, 124, 125, 126, 127, 128, 129, 130, 134, 135, 136, 137, 138, 139, 140, 141, 142, 143, 144, 145, 146, 147, 148, 149, 150, 151, 152, 153, 154, 155, 157, 159, 216], "summary": {"covered_lines": 47, "num_statements": 55, "percent_covered": 85.45454545454545, "percent_covered_display": "85", "missing_lines": 8, "excluded_lines": 0}, "missing_lines": [218, 219, 221, 222, 223, 225, 226, 227], "excluded_lines": [], "functions": {"__getattr__": {"executed_lines": [], "summary": {"covered_lines": 0, "num_statements": 8, "percent_covered": 0.0, "percent_covered_display": "0", "missing_lines": 8, "excluded_lines": 0}, "missing_lines": [218, 219, 221, 222, 223, 225, 226, 227], "excluded_lines": []}, "": {"executed_lines": [1, 108, 110, 111, 112, 113, 114, 115, 116, 117, 118, 119, 120, 121, 122, 123, 124, 125, 126, 127, 128, 129, 130, 134, 135, 136, 137, 138, 139, 140, 141, 142, 143, 144, 145, 146, 147, 148, 149, 150, 151, 152, 153, 154, 155, 157, 159, 216], "summary": {"covered_lines": 47, "num_statements": 47, "percent_covered": 100.0, "percent_covered_display": "100", "missing_lines": 0, "excluded_lines": 0}, "missing_lines": [], "excluded_lines": []}}, "classes": {"": {"executed_lines": [1, 108, 110, 111, 112, 113, 114, 115, 116, 117, 118, 119, 120, 121, 122, 123, 124, 125, 126, 127, 128, 129, 130, 134, 135, 136, 137, 138, 139, 140, 141, 142, 143, 144, 145, 146, 147, 148, 149, 150, 151, 152, 153, 154, 155, 157, 159, 216], "summary": {"covered_lines": 47, "num_statements": 55, "percent_covered": 85.45454545454545, "percent_covered_display": "85", "missing_lines": 8, "excluded_lines": 0}, "missing_lines": [218, 219, 221, 222, 223, 225, 226, 227], "excluded_lines": []}}}, "src/radiant_harness/__main__.py": {"executed_lines": [], "summary": {"covered_lines": 0, "num_statements": 19, "percent_covered": 0.0, "percent_covered_display": "0", "missing_lines": 19, "excluded_lines": 2}, "missing_lines": [14, 16, 19, 21, 23, 24, 25, 26, 27, 28, 29, 30, 31, 32, 33, 34, 35, 36, 37], "excluded_lines": [40, 41], "functions": {"main": {"executed_lines": [], "summary": {"covered_lines": 0, "num_statements": 16, "percent_covered": 0.0, "percent_covered_display": "0", "missing_lines": 16, "excluded_lines": 0}, "missing_lines": [21, 23, 24, 25, 26, 27, 28, 29, 30, 31, 32, 33, 34, 35, 36, 37], "excluded_lines": []}, "": {"executed_lines": [], "summary": {"covered_lines": 0, "num_statements": 3, "percent_covered": 0.0, "percent_covered_display": "0", "missing_lines": 3, "excluded_lines": 2}, "missing_lines": [14, 16, 19], "excluded_lines": [40, 41]}}, "classes": {"": {"executed_lines": [], "summary": {"covered_lines": 0, "num_statements": 19, "percent_covered": 0.0, "percent_covered_display": "0", "missing_lines": 19, "excluded_lines": 2}, "missing_lines": [14, 16, 19, 21, 23, 24, 25, 26, 27, 28, 29, 30, 31, 32, 33, 34, 35, 36, 37], "excluded_lines": [40, 41]}}}, "src/radiant_harness/base.py": {"executed_lines": [1, 7, 9, 10, 11, 12, 13, 14, 15, 17, 18, 19, 21, 22, 23, 24, 25, 26, 27, 28, 29, 30, 31, 32, 33, 34, 35, 36, 37, 40, 41, 42, 52, 53, 54, 55, 56, 58, 59, 67, 68, 74, 131, 132, 145, 146, 182, 183, 199, 200, 216, 217, 225, 226, 237, 238, 263, 264, 301, 302, 322, 323, 533, 534, 596, 597], "summary": {"covered_lines": 63, "num_statements": 250, "percent_covered": 25.2, "percent_covered_display": "25", "missing_lines": 187, "excluded_lines": 0}, "missing_lines": [61, 62, 63, 64, 104, 106, 107, 108, 109, 111, 112, 113, 115, 116, 119, 120, 121, 122, 123, 125, 126, 127, 129, 134, 135, 136, 138, 162, 163, 164, 165, 166, 168, 170, 171, 173, 174, 176, 177, 179, 180, 197, 214, 223, 235, 255, 257, 258, 259, 261, 280, 282, 284, 286, 287, 289, 291, 292, 298, 299, 308, 309, 311, 312, 313, 316, 317, 318, 319, 320, 330, 331, 337, 339, 340, 341, 342, 343, 345, 346, 347, 349, 350, 359, 364, 365, 366, 368, 369, 371, 372, 373, 374, 375, 377, 385, 387, 388, 389, 390, 391, 392, 396, 404, 405, 414, 419, 421, 422, 423, 424, 425, 433, 435, 436, 437, 443, 444, 445, 447, 448, 453, 454, 455, 456, 457, 459, 467, 472, 473, 474, 475, 476, 477, 482, 483, 489, 490, 491, 497, 499, 500, 502, 504, 505, 506, 507, 510, 511, 515, 517, 518, 524, 526, 541, 543, 545, 546, 547, 548, 549, 555, 556, 561, 563, 564, 569, 571, 573, 574, 575, 576, 577, 582, 583, 586, 592, 594, 599, 600, 602, 603, 604, 605, 607, 608, 610], "excluded_lines": [], "functions": {"ImageInput.load": {"executed_lines": [], "summary": {"covered_lines": 0, "num_statements": 4, "percent_covered": 0.0, "percent_covered_display": "0", "missing_lines": 4, "excluded_lines": 0}, "missing_lines": [61, 62, 63, 64], "excluded_lines": []}, "AgenticProcessorBase.__init__": {"executed_lines": [], "summary": {"covered_lines": 0, "num_statements": 19, "percent_covered": 0.0, "percent_covered_display": "0", "missing_lines": 19, "excluded_lines": 0}, "missing_lines": [104, 106, 107, 108, 109, 111, 112, 113, 115, 116, 119, 120, 121, 122, 123, 125, 126, 127, 129], "excluded_lines": []}, "AgenticProcessorBase._ensure_initialized": {"executed_lines": [], "summary": {"covered_lines": 0, "num_statements": 4, "percent_covered": 0.0, "percent_covered_display": "0", "missing_lines": 4, "excluded_lines": 0}, "missing_lines": [134, 135, 136, 138], "excluded_lines": []}, "AgenticProcessorBase._create_tool_registry": {"executed_lines": [], "summary": {"covered_lines": 0, "num_statements": 14, "percent_covered": 0.0, "percent_covered_display": "0", "missing_lines": 14, "excluded_lines": 0}, "missing_lines": [162, 163, 164, 165, 166, 168, 170, 171, 173, 174, 176, 177, 179, 180], "excluded_lines": []}, "AgenticProcessorBase.get_system_prompt": {"executed_lines": [], "summary": {"covered_lines": 0, "num_statements": 1, "percent_covered": 0.0, "percent_covered_display": "0", "missing_lines": 1, "excluded_lines": 0}, "missing_lines": [197], "excluded_lines": []}, "AgenticProcessorBase.get_user_message": {"executed_lines": [], "summary": {"covered_lines": 0, "num_statements": 1, "percent_covered": 0.0, "percent_covered_display": "0", "missing_lines": 1, "excluded_lines": 0}, "missing_lines": [214], "excluded_lines": []}, "AgenticProcessorBase.get_response_schema": {"executed_lines": [], "summary": {"covered_lines": 0, "num_statements": 1, "percent_covered": 0.0, "percent_covered_display": "0", "missing_lines": 1, "excluded_lines": 0}, "missing_lines": [223], "excluded_lines": []}, "AgenticProcessorBase.validate_response": {"executed_lines": [], "summary": {"covered_lines": 0, "num_statements": 1, "percent_covered": 0.0, "percent_covered_display": "0", "missing_lines": 1, "excluded_lines": 0}, "missing_lines": [235], "excluded_lines": []}, "AgenticProcessorBase.calculate_confidence": {"executed_lines": [], "summary": {"covered_lines": 0, "num_statements": 5, "percent_covered": 0.0, "percent_covered_display": "0", "missing_lines": 5, "excluded_lines": 0}, "missing_lines": [255, 257, 258, 259, 261], "excluded_lines": []}, "AgenticProcessorBase.analyze": {"executed_lines": [], "summary": {"covered_lines": 0, "num_statements": 10, "percent_covered": 0.0, "percent_covered_display": "0", "missing_lines": 10, "excluded_lines": 0}, "missing_lines": [280, 282, 284, 286, 287, 289, 291, 292, 298, 299], "excluded_lines": []}, "AgenticProcessorBase._normalize_image_inputs": {"executed_lines": [], "summary": {"covered_lines": 0, "num_statements": 10, "percent_covered": 0.0, "percent_covered_display": "0", "missing_lines": 10, "excluded_lines": 0}, "missing_lines": [308, 309, 311, 312, 313, 316, 317, 318, 319, 320], "excluded_lines": []}, "AgenticProcessorBase._run_analysis": {"executed_lines": [], "summary": {"covered_lines": 0, "num_statements": 84, "percent_covered": 0.0, "percent_covered_display": "0", "missing_lines": 84, "excluded_lines": 0}, "missing_lines": [330, 331, 337, 339, 340, 341, 342, 343, 345, 346, 347, 349, 350, 359, 364, 365, 366, 368, 369, 371, 372, 373, 374, 375, 377, 385, 387, 388, 389, 390, 391, 392, 396, 404, 405, 414, 419, 421, 422, 423, 424, 425, 433, 435, 436, 437, 443, 444, 445, 447, 448, 453, 454, 455, 456, 457, 459, 467, 472, 473, 474, 475, 476, 477, 482, 483, 489, 490, 491, 497, 499, 500, 502, 504, 505, 506, 507, 510, 511, 515, 517, 518, 524, 526], "excluded_lines": []}, "AgenticProcessorBase._execute_tools": {"executed_lines": [], "summary": {"covered_lines": 0, "num_statements": 24, "percent_covered": 0.0, "percent_covered_display": "0", "missing_lines": 24, "excluded_lines": 0}, "missing_lines": [541, 543, 545, 546, 547, 548, 549, 555, 556, 561, 563, 564, 569, 571, 573, 574, 575, 576, 577, 582, 583, 586, 592, 594], "excluded_lines": []}, "AgenticProcessorBase._format_tool_results": {"executed_lines": [], "summary": {"covered_lines": 0, "num_statements": 9, "percent_covered": 0.0, "percent_covered_display": "0", "missing_lines": 9, "excluded_lines": 0}, "missing_lines": [599, 600, 602, 603, 604, 605, 607, 608, 610], "excluded_lines": []}, "": {"executed_lines": [1, 7, 9, 10, 11, 12, 13, 14, 15, 17, 18, 19, 21, 22, 23, 24, 25, 26, 27, 28, 29, 30, 31, 32, 33, 34, 35, 36, 37, 40, 41, 42, 52, 53, 54, 55, 56, 58, 59, 67, 68, 74, 131, 132, 145, 146, 182, 183, 199, 200, 216, 217, 225, 226, 237, 238, 263, 264, 301, 302, 322, 323, 533, 534, 596, 597], "summary": {"covered_lines": 63, "num_statements": 63, "percent_covered": 100.0, "percent_covered_display": "100", "missing_lines": 0, "excluded_lines": 0}, "missing_lines": [], "excluded_lines": []}}, "classes": {"ImageInput": {"executed_lines": [], "summary": {"covered_lines": 0, "num_statements": 4, "percent_covered": 0.0, "percent_covered_display": "0", "missing_lines": 4, "excluded_lines": 0}, "missing_lines": [61, 62, 63, 64], "excluded_lines": []}, "AgenticProcessorBase": {"executed_lines": [], "summary": {"covered_lines": 0, "num_statements": 183, "percent_covered": 0.0, "percent_covered_display": "0", "missing_lines": 183, "excluded_lines": 0}, "missing_lines": [104, 106, 107, 108, 109, 111, 112, 113, 115, 116, 119, 120, 121, 122, 123, 125, 126, 127, 129, 134, 135, 136, 138, 162, 163, 164, 165, 166, 168, 170, 171, 173, 174, 176, 177, 179, 180, 197, 214, 223, 235, 255, 257, 258, 259, 261, 280, 282, 284, 286, 287, 289, 291, 292, 298, 299, 308, 309, 311, 312, 313, 316, 317, 318, 319, 320, 330, 331, 337, 339, 340, 341, 342, 343, 345, 346, 347, 349, 350, 359, 364, 365, 366, 368, 369, 371, 372, 373, 374, 375, 377, 385, 387, 388, 389, 390, 391, 392, 396, 404, 405, 414, 419, 421, 422, 423, 424, 425, 433, 435, 436, 437, 443, 444, 445, 447, 448, 453, 454, 455, 456, 457, 459, 467, 472, 473, 474, 475, 476, 477, 482, 483, 489, 490, 491, 497, 499, 500, 502, 504, 505, 506, 507, 510, 511, 515, 517, 518, 524, 526, 541, 543, 545, 546, 547, 548, 549, 555, 556, 561, 563, 564, 569, 571, 573, 574, 575, 576, 577, 582, 583, 586, 592, 594, 599, 600, 602, 603, 604, 605, 607, 608, 610], "excluded_lines": []}, "": {"executed_lines": [1, 7, 9, 10, 11, 12, 13, 14, 15, 17, 18, 19, 21, 22, 23, 24, 25, 26, 27, 28, 29, 30, 31, 32, 33, 34, 35, 36, 37, 40, 41, 42, 52, 53, 54, 55, 56, 58, 59, 67, 68, 74, 131, 132, 145, 146, 182, 183, 199, 200, 216, 217, 225, 226, 237, 238, 263, 264, 301, 302, 322, 323, 533, 534, 596, 597], "summary": {"covered_lines": 63, "num_statements": 63, "percent_covered": 100.0, "percent_covered_display": "100", "missing_lines": 0, "excluded_lines": 0}, "missing_lines": [], "excluded_lines": []}}}, "src/radiant_harness/cache.py": {"executed_lines": [1, 6, 8, 9, 10, 12, 14, 15, 17, 20, 21, 46, 47, 56, 57, 61, 62, 82, 83, 94, 95, 109, 110, 124, 125, 129, 130, 158, 159, 163, 164], "summary": {"covered_lines": 29, "num_statements": 59, "percent_covered": 49.152542372881356, "percent_covered_display": "49", "missing_lines": 30, "excluded_lines": 0}, "missing_lines": [53, 54, 59, 71, 72, 74, 75, 77, 78, 80, 92, 105, 107, 119, 120, 121, 122, 127, 135, 138, 143, 144, 147, 149, 152, 153, 155, 156, 161, 170], "excluded_lines": [], "functions": {"TTLCache.__init__": {"executed_lines": [], "summary": {"covered_lines": 0, "num_statements": 2, "percent_covered": 0.0, "percent_covered_display": "0", "missing_lines": 2, "excluded_lines": 0}, "missing_lines": [53, 54], "excluded_lines": []}, "TTLCache.config": {"executed_lines": [], "summary": {"covered_lines": 0, "num_statements": 1, "percent_covered": 0.0, "percent_covered_display": "0", "missing_lines": 1, "excluded_lines": 0}, "missing_lines": [59], "excluded_lines": []}, "TTLCache.get": {"executed_lines": [], "summary": {"covered_lines": 0, "num_statements": 7, "percent_covered": 0.0, "percent_covered_display": "0", "missing_lines": 7, "excluded_lines": 0}, "missing_lines": [71, 72, 74, 75, 77, 78, 80], "excluded_lines": []}, "TTLCache.has": {"executed_lines": [], "summary": {"covered_lines": 0, "num_statements": 1, "percent_covered": 0.0, "percent_covered_display": "0", "missing_lines": 1, "excluded_lines": 0}, "missing_lines": [92], "excluded_lines": []}, "TTLCache.set": {"executed_lines": [], "summary": {"covered_lines": 0, "num_statements": 2, "percent_covered": 0.0, "percent_covered_display": "0", "missing_lines": 2, "excluded_lines": 0}, "missing_lines": [105, 107], "excluded_lines": []}, "TTLCache.delete": {"executed_lines": [], "summary": {"covered_lines": 0, "num_statements": 4, "percent_covered": 0.0, "percent_covered_display": "0", "missing_lines": 4, "excluded_lines": 0}, "missing_lines": [119, 120, 121, 122], "excluded_lines": []}, "TTLCache.clear": {"executed_lines": [], "summary": {"covered_lines": 0, "num_statements": 1, "percent_covered": 0.0, "percent_covered_display": "0", "missing_lines": 1, "excluded_lines": 0}, "missing_lines": [127], "excluded_lines": []}, "TTLCache._evict_stale": {"executed_lines": [], "summary": {"covered_lines": 0, "num_statements": 10, "percent_covered": 0.0, "percent_covered_display": "0", "missing_lines": 10, "excluded_lines": 0}, "missing_lines": [135, 138, 143, 144, 147, 149, 152, 153, 155, 156], "excluded_lines": []}, "TTLCache.size": {"executed_lines": [], "summary": {"covered_lines": 0, "num_statements": 1, "percent_covered": 0.0, "percent_covered_display": "0", "missing_lines": 1, "excluded_lines": 0}, "missing_lines": [161], "excluded_lines": []}, "TTLCache.stats": {"executed_lines": [], "summary": {"covered_lines": 0, "num_statements": 1, "percent_covered": 0.0, "percent_covered_display": "0", "missing_lines": 1, "excluded_lines": 0}, "missing_lines": [170], "excluded_lines": []}, "": {"executed_lines": [1, 6, 8, 9, 10, 12, 14, 15, 17, 20, 21, 46, 47, 56, 57, 61, 62, 82, 83, 94, 95, 109, 110, 124, 125, 129, 130, 158, 159, 163, 164], "summary": {"covered_lines": 29, "num_statements": 29, "percent_covered": 100.0, "percent_covered_display": "100", "missing_lines": 0, "excluded_lines": 0}, "missing_lines": [], "excluded_lines": []}}, "classes": {"TTLCache": {"executed_lines": [], "summary": {"covered_lines": 0, "num_statements": 30, "percent_covered": 0.0, "percent_covered_display": "0", "missing_lines": 30, "excluded_lines": 0}, "missing_lines": [53, 54, 59, 71, 72, 74, 75, 77, 78, 80, 92, 105, 107, 119, 120, 121, 122, 127, 135, 138, 143, 144, 147, 149, 152, 153, 155, 156, 161, 170], "excluded_lines": []}, "": {"executed_lines": [1, 6, 8, 9, 10, 12, 14, 15, 17, 20, 21, 46, 47, 56, 57, 61, 62, 82, 83, 94, 95, 109, 110, 124, 125, 129, 130, 158, 159, 163, 164], "summary": {"covered_lines": 29, "num_statements": 29, "percent_covered": 100.0, "percent_covered_display": "100", "missing_lines": 0, "excluded_lines": 0}, "missing_lines": [], "excluded_lines": []}}}, "src/radiant_harness/config.py": {"executed_lines": [1, 7, 9, 10, 11, 14, 15, 16, 27, 28, 29, 30, 31, 32, 35, 36, 37, 45, 46, 47, 50, 51, 52, 67, 68, 69, 70, 71, 72, 73, 74, 75, 76, 79, 80, 81, 97, 98, 99, 100, 101, 102, 103, 104, 114, 115, 116, 125, 126, 127, 128, 131, 132, 133, 153, 154, 155, 156, 157, 161, 162, 165, 177], "summary": {"covered_lines": 56, "num_statements": 60, "percent_covered": 93.33333333333333, "percent_covered_display": "93", "missing_lines": 4, "excluded_lines": 0}, "missing_lines": [173, 174, 194, 195], "excluded_lines": [], "functions": {"get_config": {"executed_lines": [], "summary": {"covered_lines": 0, "num_statements": 2, "percent_covered": 0.0, "percent_covered_display": "0", "missing_lines": 2, "excluded_lines": 0}, "missing_lines": [173, 174], "excluded_lines": []}, "set_config": {"executed_lines": [], "summary": {"covered_lines": 0, "num_statements": 2, "percent_covered": 0.0, "percent_covered_display": "0", "missing_lines": 2, "excluded_lines": 0}, "missing_lines": [194, 195], "excluded_lines": []}, "": {"executed_lines": [1, 7, 9, 10, 11, 14, 15, 16, 27, 28, 29, 30, 31, 32, 35, 36, 37, 45, 46, 47, 50, 51, 52, 67, 68, 69, 70, 71, 72, 73, 74, 75, 76, 79, 80, 81, 97, 98, 99, 100, 101, 102, 103, 104, 114, 115, 116, 125, 126, 127, 128, 131, 132, 133, 153, 154, 155, 156, 157, 161, 162, 165, 177], "summary": {"covered_lines": 56, "num_statements": 56, "percent_covered": 100.0, "percent_covered_display": "100", "missing_lines": 0, "excluded_lines": 0}, "missing_lines": [], "excluded_lines": []}}, "classes": {"ImageProcessingConfig": {"executed_lines": [], "summary": {"covered_lines": 0, "num_statements": 0, "percent_covered": 100.0, "percent_covered_display": "100", "missing_lines": 0, "excluded_lines": 0}, "missing_lines": [], "excluded_lines": []}, "CacheConfig": {"executed_lines": [], "summary": {"covered_lines": 0, "num_statements": 0, "percent_covered": 100.0, "percent_covered_display": "100", "missing_lines": 0, "excluded_lines": 0}, "missing_lines": [], "excluded_lines": []}, "SearchConfig": {"executed_lines": [], "summary": {"covered_lines": 0, "num_statements": 0, "percent_covered": 100.0, "percent_covered_display": "100", "missing_lines": 0, "excluded_lines": 0}, "missing_lines": [], "excluded_lines": []}, "RankingWeights": {"executed_lines": [], "summary": {"covered_lines": 0, "num_statements": 0, "percent_covered": 100.0, "percent_covered_display": "100", "missing_lines": 0, "excluded_lines": 0}, "missing_lines": [], "excluded_lines": []}, "AgenticConfig": {"executed_lines": [], "summary": {"covered_lines": 0, "num_statements": 0, "percent_covered": 100.0, "percent_covered_display": "100", "missing_lines": 0, "excluded_lines": 0}, "missing_lines": [], "excluded_lines": []}, "HarnessConfig": {"executed_lines": [], "summary": {"covered_lines": 0, "num_statements": 0, "percent_covered": 100.0, "percent_covered_display": "100", "missing_lines": 0, "excluded_lines": 0}, "missing_lines": [], "excluded_lines": []}, "": {"executed_lines": [1, 7, 9, 10, 11, 14, 15, 16, 27, 28, 29, 30, 31, 32, 35, 36, 37, 45, 46, 47, 50, 51, 52, 67, 68, 69, 70, 71, 72, 73, 74, 75, 76, 79, 80, 81, 97, 98, 99, 100, 101, 102, 103, 104, 114, 115, 116, 125, 126, 127, 128, 131, 132, 133, 153, 154, 155, 156, 157, 161, 162, 165, 177], "summary": {"covered_lines": 56, "num_statements": 60, "percent_covered": 93.33333333333333, "percent_covered_display": "93", "missing_lines": 4, "excluded_lines": 0}, "missing_lines": [173, 174, 194, 195], "excluded_lines": []}}}, "src/radiant_harness/exceptions.py": {"executed_lines": [1, 3, 5, 6, 9, 10, 13, 14, 17, 18, 25, 38, 39, 46, 54, 55, 62, 73, 74, 81, 92, 93, 95, 100, 101, 103], "summary": {"covered_lines": 17, "num_statements": 36, "percent_covered": 47.22222222222222, "percent_covered_display": "47", "missing_lines": 19, "excluded_lines": 0}, "missing_lines": [31, 32, 33, 34, 35, 47, 48, 49, 68, 69, 70, 87, 88, 89, 96, 97, 110, 111, 112], "excluded_lines": [], "functions": {"TemplateError.__init__": {"executed_lines": [], "summary": {"covered_lines": 0, "num_statements": 5, "percent_covered": 0.0, "percent_covered_display": "0", "missing_lines": 5, "excluded_lines": 0}, "missing_lines": [31, 32, 33, 34, 35], "excluded_lines": []}, "UnknownToolError.__init__": {"executed_lines": [], "summary": {"covered_lines": 0, "num_statements": 3, "percent_covered": 0.0, "percent_covered_display": "0", "missing_lines": 3, "excluded_lines": 0}, "missing_lines": [47, 48, 49], "excluded_lines": []}, "AgenticProcessingError.__init__": {"executed_lines": [], "summary": {"covered_lines": 0, "num_statements": 3, "percent_covered": 0.0, "percent_covered_display": "0", "missing_lines": 3, "excluded_lines": 0}, "missing_lines": [68, 69, 70], "excluded_lines": []}, "SchemaValidationError.__init__": {"executed_lines": [], "summary": {"covered_lines": 0, "num_statements": 3, "percent_covered": 0.0, "percent_covered_display": "0", "missing_lines": 3, "excluded_lines": 0}, "missing_lines": [87, 88, 89], "excluded_lines": []}, "ModelError.__init__": {"executed_lines": [], "summary": {"covered_lines": 0, "num_statements": 2, "percent_covered": 0.0, "percent_covered_display": "0", "missing_lines": 2, "excluded_lines": 0}, "missing_lines": [96, 97], "excluded_lines": []}, "APIError.__init__": {"executed_lines": [], "summary": {"covered_lines": 0, "num_statements": 3, "percent_covered": 0.0, "percent_covered_display": "0", "missing_lines": 3, "excluded_lines": 0}, "missing_lines": [110, 111, 112], "excluded_lines": []}, "": {"executed_lines": [1, 3, 5, 6, 9, 10, 13, 14, 17, 18, 25, 38, 39, 46, 54, 55, 62, 73, 74, 81, 92, 93, 95, 100, 101, 103], "summary": {"covered_lines": 17, "num_statements": 17, "percent_covered": 100.0, "percent_covered_display": "100", "missing_lines": 0, "excluded_lines": 0}, "missing_lines": [], "excluded_lines": []}}, "classes": {"HarnessError": {"executed_lines": [], "summary": {"covered_lines": 0, "num_statements": 0, "percent_covered": 100.0, "percent_covered_display": "100", "missing_lines": 0, "excluded_lines": 0}, "missing_lines": [], "excluded_lines": []}, "ToolExecutionError": {"executed_lines": [], "summary": {"covered_lines": 0, "num_statements": 0, "percent_covered": 100.0, "percent_covered_display": "100", "missing_lines": 0, "excluded_lines": 0}, "missing_lines": [], "excluded_lines": []}, "TemplateError": {"executed_lines": [], "summary": {"covered_lines": 0, "num_statements": 5, "percent_covered": 0.0, "percent_covered_display": "0", "missing_lines": 5, "excluded_lines": 0}, "missing_lines": [31, 32, 33, 34, 35], "excluded_lines": []}, "UnknownToolError": {"executed_lines": [], "summary": {"covered_lines": 0, "num_statements": 3, "percent_covered": 0.0, "percent_covered_display": "0", "missing_lines": 3, "excluded_lines": 0}, "missing_lines": [47, 48, 49], "excluded_lines": []}, "AgenticProcessingError": {"executed_lines": [], "summary": {"covered_lines": 0, "num_statements": 3, "percent_covered": 0.0, "percent_covered_display": "0", "missing_lines": 3, "excluded_lines": 0}, "missing_lines": [68, 69, 70], "excluded_lines": []}, "SchemaValidationError": {"executed_lines": [], "summary": {"covered_lines": 0, "num_statements": 3, "percent_covered": 0.0, "percent_covered_display": "0", "missing_lines": 3, "excluded_lines": 0}, "missing_lines": [87, 88, 89], "excluded_lines": []}, "ModelError": {"executed_lines": [], "summary": {"covered_lines": 0, "num_statements": 2, "percent_covered": 0.0, "percent_covered_display": "0", "missing_lines": 2, "excluded_lines": 0}, "missing_lines": [96, 97], "excluded_lines": []}, "APIError": {"executed_lines": [], "summary": {"covered_lines": 0, "num_statements": 3, "percent_covered": 0.0, "percent_covered_display": "0", "missing_lines": 3, "excluded_lines": 0}, "missing_lines": [110, 111, 112], "excluded_lines": []}, "": {"executed_lines": [1, 3, 5, 6, 9, 10, 13, 14, 17, 18, 25, 38, 39, 46, 54, 55, 62, 73, 74, 81, 92, 93, 95, 100, 101, 103], "summary": {"covered_lines": 17, "num_statements": 17, "percent_covered": 100.0, "percent_covered_display": "100", "missing_lines": 0, "excluded_lines": 0}, "missing_lines": [], "excluded_lines": []}}}, "src/radiant_harness/models/__init__.py": {"executed_lines": [1, 12, 14, 16, 17, 18, 20, 24, 33], "summary": {"covered_lines": 8, "num_statements": 18, "percent_covered": 44.44444444444444, "percent_covered_display": "44", "missing_lines": 10, "excluded_lines": 0}, "missing_lines": [21, 22, 35, 36, 38, 39, 40, 42, 43, 44], "excluded_lines": [], "functions": {"__getattr__": {"executed_lines": [], "summary": {"covered_lines": 0, "num_statements": 8, "percent_covered": 0.0, "percent_covered_display": "0", "missing_lines": 8, "excluded_lines": 0}, "missing_lines": [35, 36, 38, 39, 40, 42, 43, 44], "excluded_lines": []}, "": {"executed_lines": [1, 12, 14, 16, 17, 18, 20, 24, 33], "summary": {"covered_lines": 8, "num_statements": 10, "percent_covered": 80.0, "percent_covered_display": "80", "missing_lines": 2, "excluded_lines": 0}, "missing_lines": [21, 22], "excluded_lines": []}}, "classes": {"": {"executed_lines": [1, 12, 14, 16, 17, 18, 20, 24, 33], "summary": {"covered_lines": 8, "num_statements": 18, "percent_covered": 44.44444444444444, "percent_covered_display": "44", "missing_lines": 10, "excluded_lines": 0}, "missing_lines": [21, 22, 35, 36, 38, 39, 40, 42, 43, 44], "excluded_lines": []}}}, "src/radiant_harness/models/_types.py": {"executed_lines": [1, 3, 5, 8, 9, 10, 12, 13, 14, 16, 17], "summary": {"covered_lines": 9, "num_statements": 10, "percent_covered": 90.0, "percent_covered_display": "90", "missing_lines": 1, "excluded_lines": 0}, "missing_lines": [19], "excluded_lines": [], "functions": {"GenerationLog.tokens": {"executed_lines": [], "summary": {"covered_lines": 0, "num_statements": 1, "percent_covered": 0.0, "percent_covered_display": "0", "missing_lines": 1, "excluded_lines": 0}, "missing_lines": [19], "excluded_lines": []}, "": {"executed_lines": [1, 3, 5, 8, 9, 10, 12, 13, 14, 16, 17], "summary": {"covered_lines": 9, "num_statements": 9, "percent_covered": 100.0, "percent_covered_display": "100", "missing_lines": 0, "excluded_lines": 0}, "missing_lines": [], "excluded_lines": []}}, "classes": {"GenerationLog": {"executed_lines": [], "summary": {"covered_lines": 0, "num_statements": 1, "percent_covered": 0.0, "percent_covered_display": "0", "missing_lines": 1, "excluded_lines": 0}, "missing_lines": [19], "excluded_lines": []}, "": {"executed_lines": [1, 3, 5, 8, 9, 10, 12, 13, 14, 16, 17], "summary": {"covered_lines": 9, "num_statements": 9, "percent_covered": 100.0, "percent_covered_display": "100", "missing_lines": 0, "excluded_lines": 0}, "missing_lines": [], "excluded_lines": []}}}, "src/radiant_harness/models/adapter_protocol.py": {"executed_lines": [1, 3, 5, 6, 7, 9, 13, 14, 16], "summary": {"covered_lines": 7, "num_statements": 8, "percent_covered": 87.5, "percent_covered_display": "88", "missing_lines": 1, "excluded_lines": 0}, "missing_lines": [10], "excluded_lines": [], "functions": {"AdapterProtocol.generate_chat": {"executed_lines": [], "summary": {"covered_lines": 0, "num_statements": 0, "percent_covered": 100.0, "percent_covered_display": "100", "missing_lines": 0, "excluded_lines": 0}, "missing_lines": [], "excluded_lines": []}, "": {"executed_lines": [1, 3, 5, 6, 7, 9, 13, 14, 16], "summary": {"covered_lines": 7, "num_statements": 8, "percent_covered": 87.5, "percent_covered_display": "88", "missing_lines": 1, "excluded_lines": 0}, "missing_lines": [10], "excluded_lines": []}}, "classes": {"AdapterProtocol": {"executed_lines": [], "summary": {"covered_lines": 0, "num_statements": 0, "percent_covered": 100.0, "percent_covered_display": "100", "missing_lines": 0, "excluded_lines": 0}, "missing_lines": [], "excluded_lines": []}, "": {"executed_lines": [1, 3, 5, 6, 7, 9, 13, 14, 16], "summary": {"covered_lines": 7, "num_statements": 8, "percent_covered": 87.5, "percent_covered_display": "88", "missing_lines": 1, "excluded_lines": 0}, "missing_lines": [10], "excluded_lines": []}}}, "src/radiant_harness/models/huggingface_adapter.py": {"executed_lines": [], "summary": {"covered_lines": 0, "num_statements": 245, "percent_covered": 0.0, "percent_covered_display": "0", "missing_lines": 245, "excluded_lines": 0}, "missing_lines": [9, 11, 12, 13, 14, 15, 16, 18, 19, 21, 22, 23, 25, 26, 27, 28, 31, 33, 34, 36, 37, 38, 39, 42, 44, 45, 47, 48, 49, 50, 53, 73, 74, 95, 96, 97, 98, 99, 100, 101, 104, 105, 106, 108, 109, 111, 112, 113, 115, 116, 118, 119, 120, 121, 122, 123, 124, 125, 127, 128, 130, 131, 132, 133, 134, 135, 140, 142, 143, 145, 146, 147, 152, 153, 154, 156, 157, 159, 160, 163, 168, 169, 170, 171, 173, 176, 177, 180, 181, 183, 185, 191, 192, 194, 195, 197, 199, 200, 220, 223, 226, 232, 233, 236, 237, 238, 246, 247, 250, 251, 254, 255, 256, 259, 265, 269, 271, 286, 287, 293, 298, 299, 300, 301, 302, 307, 308, 312, 314, 316, 317, 318, 319, 320, 321, 322, 323, 324, 326, 330, 332, 337, 338, 339, 340, 341, 342, 344, 353, 356, 357, 359, 360, 361, 362, 367, 368, 371, 373, 376, 389, 400, 409, 411, 412, 414, 415, 416, 420, 422, 423, 425, 427, 428, 430, 431, 433, 437, 438, 439, 440, 442, 444, 445, 447, 448, 450, 453, 454, 458, 459, 464, 465, 467, 468, 470, 472, 473, 482, 485, 488, 491, 492, 499, 505, 506, 509, 510, 511, 519, 520, 523, 524, 527, 528, 529, 531, 537, 541, 543, 545, 547, 549, 550, 551, 552, 554, 555, 556, 558, 559, 561, 562, 565, 566, 567, 568, 571, 572, 575, 577, 578, 579, 580, 582], "excluded_lines": [], "functions": {"_lazy_import_torch": {"executed_lines": [], "summary": {"covered_lines": 0, "num_statements": 6, "percent_covered": 0.0, "percent_covered_display": "0", "missing_lines": 6, "excluded_lines": 0}, "missing_lines": [33, 34, 36, 37, 38, 39], "excluded_lines": []}, "_lazy_import_transformers": {"executed_lines": [], "summary": {"covered_lines": 0, "num_statements": 6, "percent_covered": 0.0, "percent_covered_display": "0", "missing_lines": 6, "excluded_lines": 0}, "missing_lines": [44, 45, 47, 48, 49, 50], "excluded_lines": []}, "HuggingFaceAdapter.__init__": {"executed_lines": [], "summary": {"covered_lines": 0, "num_statements": 10, "percent_covered": 0.0, "percent_covered_display": "0", "missing_lines": 10, "excluded_lines": 0}, "missing_lines": [95, 96, 97, 98, 99, 100, 101, 104, 105, 106], "excluded_lines": []}, "HuggingFaceAdapter.torch": {"executed_lines": [], "summary": {"covered_lines": 0, "num_statements": 3, "percent_covered": 0.0, "percent_covered_display": "0", "missing_lines": 3, "excluded_lines": 0}, "missing_lines": [111, 112, 113], "excluded_lines": []}, "HuggingFaceAdapter.device": {"executed_lines": [], "summary": {"covered_lines": 0, "num_statements": 8, "percent_covered": 0.0, "percent_covered_display": "0", "missing_lines": 8, "excluded_lines": 0}, "missing_lines": [118, 119, 120, 121, 122, 123, 124, 125], "excluded_lines": []}, "HuggingFaceAdapter.dtype": {"executed_lines": [], "summary": {"covered_lines": 0, "num_statements": 7, "percent_covered": 0.0, "percent_covered_display": "0", "missing_lines": 7, "excluded_lines": 0}, "missing_lines": [130, 131, 132, 133, 134, 135, 140], "excluded_lines": []}, "HuggingFaceAdapter.tokenizer": {"executed_lines": [], "summary": {"covered_lines": 0, "num_statements": 6, "percent_covered": 0.0, "percent_covered_display": "0", "missing_lines": 6, "excluded_lines": 0}, "missing_lines": [145, 146, 147, 152, 153, 154], "excluded_lines": []}, "HuggingFaceAdapter.model": {"executed_lines": [], "summary": {"covered_lines": 0, "num_statements": 19, "percent_covered": 0.0, "percent_covered_display": "0", "missing_lines": 19, "excluded_lines": 0}, "missing_lines": [159, 160, 163, 168, 169, 170, 171, 173, 176, 177, 180, 181, 183, 185, 191, 192, 194, 195, 197], "excluded_lines": []}, "HuggingFaceAdapter.generate_chat": {"executed_lines": [], "summary": {"covered_lines": 0, "num_statements": 18, "percent_covered": 0.0, "percent_covered_display": "0", "missing_lines": 18, "excluded_lines": 0}, "missing_lines": [220, 223, 226, 232, 233, 236, 237, 238, 246, 247, 250, 251, 254, 255, 256, 259, 265, 269], "excluded_lines": []}, "HuggingFaceAdapter._format_messages": {"executed_lines": [], "summary": {"covered_lines": 0, "num_statements": 2, "percent_covered": 0.0, "percent_covered_display": "0", "missing_lines": 2, "excluded_lines": 0}, "missing_lines": [286, 287], "excluded_lines": []}, "HuggingFaceAdapter._extract_text_messages": {"executed_lines": [], "summary": {"covered_lines": 0, "num_statements": 8, "percent_covered": 0.0, "percent_covered_display": "0", "missing_lines": 8, "excluded_lines": 0}, "missing_lines": [298, 299, 300, 301, 302, 307, 308, 312], "excluded_lines": []}, "HuggingFaceAdapter._format_tools": {"executed_lines": [], "summary": {"covered_lines": 0, "num_statements": 11, "percent_covered": 0.0, "percent_covered_display": "0", "missing_lines": 11, "excluded_lines": 0}, "missing_lines": [316, 317, 318, 319, 320, 321, 322, 323, 324, 326, 330], "excluded_lines": []}, "HuggingFaceAdapter._format_response_instructions": {"executed_lines": [], "summary": {"covered_lines": 0, "num_statements": 6, "percent_covered": 0.0, "percent_covered_display": "0", "missing_lines": 6, "excluded_lines": 0}, "missing_lines": [337, 338, 339, 340, 341, 342], "excluded_lines": []}, "HuggingFaceAdapter._parse_tool_calls": {"executed_lines": [], "summary": {"covered_lines": 0, "num_statements": 11, "percent_covered": 0.0, "percent_covered_display": "0", "missing_lines": 11, "excluded_lines": 0}, "missing_lines": [353, 356, 357, 359, 360, 361, 362, 367, 368, 371, 373], "excluded_lines": []}, "HuggingFaceVLMAdapter.__init__": {"executed_lines": [], "summary": {"covered_lines": 0, "num_statements": 2, "percent_covered": 0.0, "percent_covered_display": "0", "missing_lines": 2, "excluded_lines": 0}, "missing_lines": [400, 409], "excluded_lines": []}, "HuggingFaceVLMAdapter.processor": {"executed_lines": [], "summary": {"covered_lines": 0, "num_statements": 4, "percent_covered": 0.0, "percent_covered_display": "0", "missing_lines": 4, "excluded_lines": 0}, "missing_lines": [414, 415, 416, 420], "excluded_lines": []}, "HuggingFaceVLMAdapter.tokenizer": {"executed_lines": [], "summary": {"covered_lines": 0, "num_statements": 1, "percent_covered": 0.0, "percent_covered_display": "0", "missing_lines": 1, "excluded_lines": 0}, "missing_lines": [425], "excluded_lines": []}, "HuggingFaceVLMAdapter.model": {"executed_lines": [], "summary": {"covered_lines": 0, "num_statements": 22, "percent_covered": 0.0, "percent_covered_display": "0", "missing_lines": 22, "excluded_lines": 0}, "missing_lines": [430, 431, 433, 437, 438, 439, 440, 442, 444, 445, 447, 448, 450, 453, 454, 458, 459, 464, 465, 467, 468, 470], "excluded_lines": []}, "HuggingFaceVLMAdapter.generate_chat": {"executed_lines": [], "summary": {"covered_lines": 0, "num_statements": 21, "percent_covered": 0.0, "percent_covered_display": "0", "missing_lines": 21, "excluded_lines": 0}, "missing_lines": [482, 485, 488, 491, 492, 499, 505, 506, 509, 510, 511, 519, 520, 523, 524, 527, 528, 529, 531, 537, 541], "excluded_lines": []}, "HuggingFaceVLMAdapter._extract_images": {"executed_lines": [], "summary": {"covered_lines": 0, "num_statements": 25, "percent_covered": 0.0, "percent_covered_display": "0", "missing_lines": 25, "excluded_lines": 0}, "missing_lines": [545, 547, 549, 550, 551, 552, 554, 555, 556, 558, 559, 561, 562, 565, 566, 567, 568, 571, 572, 575, 577, 578, 579, 580, 582], "excluded_lines": []}, "": {"executed_lines": [], "summary": {"covered_lines": 0, "num_statements": 49, "percent_covered": 0.0, "percent_covered_display": "0", "missing_lines": 49, "excluded_lines": 0}, "missing_lines": [9, 11, 12, 13, 14, 15, 16, 18, 19, 21, 22, 23, 25, 26, 27, 28, 31, 42, 53, 73, 74, 108, 109, 115, 116, 127, 128, 142, 143, 156, 157, 199, 200, 271, 293, 314, 332, 344, 376, 389, 411, 412, 422, 423, 427, 428, 472, 473, 543], "excluded_lines": []}}, "classes": {"HuggingFaceAdapter": {"executed_lines": [], "summary": {"covered_lines": 0, "num_statements": 109, "percent_covered": 0.0, "percent_covered_display": "0", "missing_lines": 109, "excluded_lines": 0}, "missing_lines": [95, 96, 97, 98, 99, 100, 101, 104, 105, 106, 111, 112, 113, 118, 119, 120, 121, 122, 123, 124, 125, 130, 131, 132, 133, 134, 135, 140, 145, 146, 147, 152, 153, 154, 159, 160, 163, 168, 169, 170, 171, 173, 176, 177, 180, 181, 183, 185, 191, 192, 194, 195, 197, 220, 223, 226, 232, 233, 236, 237, 238, 246, 247, 250, 251, 254, 255, 256, 259, 265, 269, 286, 287, 298, 299, 300, 301, 302, 307, 308, 312, 316, 317, 318, 319, 320, 321, 322, 323, 324, 326, 330, 337, 338, 339, 340, 341, 342, 353, 356, 357, 359, 360, 361, 362, 367, 368, 371, 373], "excluded_lines": []}, "HuggingFaceVLMAdapter": {"executed_lines": [], "summary": {"covered_lines": 0, "num_statements": 75, "percent_covered": 0.0, "percent_covered_display": "0", "missing_lines": 75, "excluded_lines": 0}, "missing_lines": [400, 409, 414, 415, 416, 420, 425, 430, 431, 433, 437, 438, 439, 440, 442, 444, 445, 447, 448, 450, 453, 454, 458, 459, 464, 465, 467, 468, 470, 482, 485, 488, 491, 492, 499, 505, 506, 509, 510, 511, 519, 520, 523, 524, 527, 528, 529, 531, 537, 541, 545, 547, 549, 550, 551, 552, 554, 555, 556, 558, 559, 561, 562, 565, 566, 567, 568, 571, 572, 575, 577, 578, 579, 580, 582], "excluded_lines": []}, "": {"executed_lines": [], "summary": {"covered_lines": 0, "num_statements": 61, "percent_covered": 0.0, "percent_covered_display": "0", "missing_lines": 61, "excluded_lines": 0}, "missing_lines": [9, 11, 12, 13, 14, 15, 16, 18, 19, 21, 22, 23, 25, 26, 27, 28, 31, 33, 34, 36, 37, 38, 39, 42, 44, 45, 47, 48, 49, 50, 53, 73, 74, 108, 109, 115, 116, 127, 128, 142, 143, 156, 157, 199, 200, 271, 293, 314, 332, 344, 376, 389, 411, 412, 422, 423, 427, 428, 472, 473, 543], "excluded_lines": []}}}, "src/radiant_harness/models/openai_adapter.py": {"executed_lines": [1, 3, 5, 7, 8, 9, 10, 11, 13, 14, 15, 16, 19, 20, 22, 23, 36, 37, 50, 51], "summary": {"covered_lines": 18, "num_statements": 54, "percent_covered": 33.333333333333336, "percent_covered_display": "33", "missing_lines": 36, "excluded_lines": 2}, "missing_lines": [30, 31, 32, 33, 34, 46, 47, 48, 61, 68, 69, 71, 72, 76, 77, 78, 79, 80, 82, 83, 85, 86, 87, 88, 92, 93, 95, 96, 98, 99, 100, 101, 110, 111, 117, 121], "excluded_lines": [89, 90], "functions": {"OpenAIAdapter.__init__": {"executed_lines": [], "summary": {"covered_lines": 0, "num_statements": 5, "percent_covered": 0.0, "percent_covered_display": "0", "missing_lines": 5, "excluded_lines": 0}, "missing_lines": [30, 31, 32, 33, 34], "excluded_lines": []}, "OpenAIAdapter.client": {"executed_lines": [], "summary": {"covered_lines": 0, "num_statements": 3, "percent_covered": 0.0, "percent_covered_display": "0", "missing_lines": 3, "excluded_lines": 0}, "missing_lines": [46, 47, 48], "excluded_lines": []}, "OpenAIAdapter.generate_chat": {"executed_lines": [], "summary": {"covered_lines": 0, "num_statements": 28, "percent_covered": 0.0, "percent_covered_display": "0", "missing_lines": 28, "excluded_lines": 2}, "missing_lines": [61, 68, 69, 71, 72, 76, 77, 78, 79, 80, 82, 83, 85, 86, 87, 88, 92, 93, 95, 96, 98, 99, 100, 101, 110, 111, 117, 121], "excluded_lines": [89, 90]}, "": {"executed_lines": [1, 3, 5, 7, 8, 9, 10, 11, 13, 14, 15, 16, 19, 20, 22, 23, 36, 37, 50, 51], "summary": {"covered_lines": 18, "num_statements": 18, "percent_covered": 100.0, "percent_covered_display": "100", "missing_lines": 0, "excluded_lines": 0}, "missing_lines": [], "excluded_lines": []}}, "classes": {"OpenAIAdapter": {"executed_lines": [], "summary": {"covered_lines": 0, "num_statements": 36, "percent_covered": 0.0, "percent_covered_display": "0", "missing_lines": 36, "excluded_lines": 2}, "missing_lines": [30, 31, 32, 33, 34, 46, 47, 48, 61, 68, 69, 71, 72, 76, 77, 78, 79, 80, 82, 83, 85, 86, 87, 88, 92, 93, 95, 96, 98, 99, 100, 101, 110, 111, 117, 121], "excluded_lines": [89, 90]}, "": {"executed_lines": [1, 3, 5, 7, 8, 9, 10, 11, 13, 14, 15, 16, 19, 20, 22, 23, 36, 37, 50, 51], "summary": {"covered_lines": 18, "num_statements": 18, "percent_covered": 100.0, "percent_covered_display": "100", "missing_lines": 0, "excluded_lines": 0}, "missing_lines": [], "excluded_lines": []}}}, "src/radiant_harness/prompts/__init__.py": {"executed_lines": [1, 7, 9, 10, 11, 13, 14, 15, 17, 20, 21, 26, 27, 30, 31, 84, 85, 114, 115, 133, 134, 154, 155, 199, 200], "summary": {"covered_lines": 23, "num_statements": 55, "percent_covered": 41.81818181818182, "percent_covered_display": "42", "missing_lines": 32, "excluded_lines": 0}, "missing_lines": [56, 57, 58, 59, 60, 65, 66, 72, 73, 74, 75, 77, 106, 107, 108, 110, 111, 130, 151, 174, 175, 176, 177, 178, 180, 181, 187, 188, 196, 243, 244, 245], "excluded_lines": [], "functions": {"load_template": {"executed_lines": [], "summary": {"covered_lines": 0, "num_statements": 12, "percent_covered": 0.0, "percent_covered_display": "0", "missing_lines": 12, "excluded_lines": 0}, "missing_lines": [56, 57, 58, 59, 60, 65, 66, 72, 73, 74, 75, 77], "excluded_lines": []}, "load_prompt": {"executed_lines": [], "summary": {"covered_lines": 0, "num_statements": 5, "percent_covered": 0.0, "percent_covered_display": "0", "missing_lines": 5, "excluded_lines": 0}, "missing_lines": [106, 107, 108, 110, 111], "excluded_lines": []}, "load_system_prompt": {"executed_lines": [], "summary": {"covered_lines": 0, "num_statements": 1, "percent_covered": 0.0, "percent_covered_display": "0", "missing_lines": 1, "excluded_lines": 0}, "missing_lines": [130], "excluded_lines": []}, "load_task_prompt": {"executed_lines": [], "summary": {"covered_lines": 0, "num_statements": 1, "percent_covered": 0.0, "percent_covered_display": "0", "missing_lines": 1, "excluded_lines": 0}, "missing_lines": [151], "excluded_lines": []}, "combine_prompts": {"executed_lines": [], "summary": {"covered_lines": 0, "num_statements": 10, "percent_covered": 0.0, "percent_covered_display": "0", "missing_lines": 10, "excluded_lines": 0}, "missing_lines": [174, 175, 176, 177, 178, 180, 181, 187, 188, 196], "excluded_lines": []}, "create_prompt": {"executed_lines": [], "summary": {"covered_lines": 0, "num_statements": 3, "percent_covered": 0.0, "percent_covered_display": "0", "missing_lines": 3, "excluded_lines": 0}, "missing_lines": [243, 244, 245], "excluded_lines": []}, "": {"executed_lines": [1, 7, 9, 10, 11, 13, 14, 15, 17, 20, 21, 26, 27, 30, 31, 84, 85, 114, 115, 133, 134, 154, 155, 199, 200], "summary": {"covered_lines": 23, "num_statements": 23, "percent_covered": 100.0, "percent_covered_display": "100", "missing_lines": 0, "excluded_lines": 0}, "missing_lines": [], "excluded_lines": []}}, "classes": {"AnalysisMode": {"executed_lines": [], "summary": {"covered_lines": 0, "num_statements": 0, "percent_covered": 100.0, "percent_covered_display": "100", "missing_lines": 0, "excluded_lines": 0}, "missing_lines": [], "excluded_lines": []}, "": {"executed_lines": [1, 7, 9, 10, 11, 13, 14, 15, 17, 20, 21, 26, 27, 30, 31, 84, 85, 114, 115, 133, 134, 154, 155, 199, 200], "summary": {"covered_lines": 23, "num_statements": 55, "percent_covered": 41.81818181818182, "percent_covered_display": "42", "missing_lines": 32, "excluded_lines": 0}, "missing_lines": [56, 57, 58, 59, 60, 65, 66, 72, 73, 74, 75, 77, 106, 107, 108, 110, 111, 130, 151, 174, 175, 176, 177, 178, 180, 181, 187, 188, 196, 243, 244, 245], "excluded_lines": []}}}, "src/radiant_harness/prompts/examples/__init__.py": {"executed_lines": [], "summary": {"covered_lines": 0, "num_statements": 4, "percent_covered": 0.0, "percent_covered_display": "0", "missing_lines": 4, "excluded_lines": 0}, "missing_lines": [69, 71, 74, 84], "excluded_lines": [], "functions": {"": {"executed_lines": [], "summary": {"covered_lines": 0, "num_statements": 4, "percent_covered": 0.0, "percent_covered_display": "0", "missing_lines": 4, "excluded_lines": 0}, "missing_lines": [69, 71, 74, 84], "excluded_lines": []}}, "classes": {"": {"executed_lines": [], "summary": {"covered_lines": 0, "num_statements": 4, "percent_covered": 0.0, "percent_covered_display": "0", "missing_lines": 4, "excluded_lines": 0}, "missing_lines": [69, 71, 74, 84], "excluded_lines": []}}}, "src/radiant_harness/protocols.py": {"executed_lines": [1, 6, 8, 9, 10, 11, 12, 14, 18, 19, 20, 26, 27, 31, 32, 39, 50, 55, 56, 57, 63, 80, 81, 82, 88, 106, 123, 124, 125, 127], "summary": {"covered_lines": 25, "num_statements": 34, "percent_covered": 73.52941176470588, "percent_covered_display": "74", "missing_lines": 9, "excluded_lines": 0}, "missing_lines": [15, 29, 37, 48, 52, 77, 104, 120, 139], "excluded_lines": [], "functions": {"TaskSchema.name": {"executed_lines": [], "summary": {"covered_lines": 0, "num_statements": 1, "percent_covered": 0.0, "percent_covered_display": "0", "missing_lines": 1, "excluded_lines": 0}, "missing_lines": [29], "excluded_lines": []}, "TaskSchema.json_schema": {"executed_lines": [], "summary": {"covered_lines": 0, "num_statements": 1, "percent_covered": 0.0, "percent_covered_display": "0", "missing_lines": 1, "excluded_lines": 0}, "missing_lines": [37], "excluded_lines": []}, "TaskSchema.validate": {"executed_lines": [], "summary": {"covered_lines": 0, "num_statements": 1, "percent_covered": 0.0, "percent_covered_display": "0", "missing_lines": 1, "excluded_lines": 0}, "missing_lines": [48], "excluded_lines": []}, "TaskSchema.get_required_fields": {"executed_lines": [], "summary": {"covered_lines": 0, "num_statements": 1, "percent_covered": 0.0, "percent_covered_display": "0", "missing_lines": 1, "excluded_lines": 0}, "missing_lines": [52], "excluded_lines": []}, "TaskEvaluator.evaluate": {"executed_lines": [], "summary": {"covered_lines": 0, "num_statements": 1, "percent_covered": 0.0, "percent_covered_display": "0", "missing_lines": 1, "excluded_lines": 0}, "missing_lines": [77], "excluded_lines": []}, "PromptBuilder.build_system_prompt": {"executed_lines": [], "summary": {"covered_lines": 0, "num_statements": 1, "percent_covered": 0.0, "percent_covered_display": "0", "missing_lines": 1, "excluded_lines": 0}, "missing_lines": [104], "excluded_lines": []}, "PromptBuilder.build_user_message": {"executed_lines": [], "summary": {"covered_lines": 0, "num_statements": 1, "percent_covered": 0.0, "percent_covered_display": "0", "missing_lines": 1, "excluded_lines": 0}, "missing_lines": [120], "excluded_lines": []}, "ResponseParser.parse": {"executed_lines": [], "summary": {"covered_lines": 0, "num_statements": 1, "percent_covered": 0.0, "percent_covered_display": "0", "missing_lines": 1, "excluded_lines": 0}, "missing_lines": [139], "excluded_lines": []}, "": {"executed_lines": [1, 6, 8, 9, 10, 11, 12, 14, 18, 19, 20, 26, 27, 31, 32, 39, 50, 55, 56, 57, 63, 80, 81, 82, 88, 106, 123, 124, 125, 127], "summary": {"covered_lines": 25, "num_statements": 26, "percent_covered": 96.15384615384616, "percent_covered_display": "96", "missing_lines": 1, "excluded_lines": 0}, "missing_lines": [15], "excluded_lines": []}}, "classes": {"TaskSchema": {"executed_lines": [], "summary": {"covered_lines": 0, "num_statements": 4, "percent_covered": 0.0, "percent_covered_display": "0", "missing_lines": 4, "excluded_lines": 0}, "missing_lines": [29, 37, 48, 52], "excluded_lines": []}, "TaskEvaluator": {"executed_lines": [], "summary": {"covered_lines": 0, "num_statements": 1, "percent_covered": 0.0, "percent_covered_display": "0", "missing_lines": 1, "excluded_lines": 0}, "missing_lines": [77], "excluded_lines": []}, "PromptBuilder": {"executed_lines": [], "summary": {"covered_lines": 0, "num_statements": 2, "percent_covered": 0.0, "percent_covered_display": "0", "missing_lines": 2, "excluded_lines": 0}, "missing_lines": [104, 120], "excluded_lines": []}, "ResponseParser": {"executed_lines": [], "summary": {"covered_lines": 0, "num_statements": 1, "percent_covered": 0.0, "percent_covered_display": "0", "missing_lines": 1, "excluded_lines": 0}, "missing_lines": [139], "excluded_lines": []}, "": {"executed_lines": [1, 6, 8, 9, 10, 11, 12, 14, 18, 19, 20, 26, 27, 31, 32, 39, 50, 55, 56, 57, 63, 80, 81, 82, 88, 106, 123, 124, 125, 127], "summary": {"covered_lines": 25, "num_statements": 26, "percent_covered": 96.15384615384616, "percent_covered_display": "96", "missing_lines": 1, "excluded_lines": 0}, "missing_lines": [15], "excluded_lines": []}}}, "src/radiant_harness/retrieval/__init__.py": {"executed_lines": [1, 6, 8, 9, 10, 11, 12, 13, 14, 15, 16, 17, 18, 20], "summary": {"covered_lines": 13, "num_statements": 13, "percent_covered": 100.0, "percent_covered_display": "100", "missing_lines": 0, "excluded_lines": 0}, "missing_lines": [], "excluded_lines": [], "functions": {"": {"executed_lines": [1, 6, 8, 9, 10, 11, 12, 13, 14, 15, 16, 17, 18, 20], "summary": {"covered_lines": 13, "num_statements": 13, "percent_covered": 100.0, "percent_covered_display": "100", "missing_lines": 0, "excluded_lines": 0}, "missing_lines": [], "excluded_lines": []}}, "classes": {"": {"executed_lines": [1, 6, 8, 9, 10, 11, 12, 13, 14, 15, 16, 17, 18, 20], "summary": {"covered_lines": 13, "num_statements": 13, "percent_covered": 100.0, "percent_covered_display": "100", "missing_lines": 0, "excluded_lines": 0}, "missing_lines": [], "excluded_lines": []}}}, "src/radiant_harness/retrieval/image_search.py": {"executed_lines": [1, 7, 9, 10, 11, 12, 13, 14, 15, 16, 17, 19, 20, 21, 23, 24, 25, 26, 29, 30, 31, 33, 34, 35, 36, 37, 38, 39, 40, 41, 42, 43, 44, 45, 46, 47, 49, 68, 69, 71, 77, 78, 80, 86, 87, 92, 93, 111, 112, 116, 122, 128, 140, 141, 167, 168, 181, 182, 188, 189, 199, 222, 223, 290, 291, 315, 316, 346, 347, 359, 360, 412, 415, 423, 427, 428, 509, 510, 543, 587, 594, 605, 630], "summary": {"covered_lines": 76, "num_statements": 268, "percent_covered": 28.35820895522388, "percent_covered_display": "28", "missing_lines": 192, "excluded_lines": 1}, "missing_lines": [51, 72, 73, 74, 81, 82, 83, 104, 105, 106, 107, 108, 109, 114, 118, 119, 120, 124, 125, 126, 130, 154, 155, 156, 157, 158, 159, 160, 161, 162, 163, 165, 195, 196, 197, 200, 206, 207, 208, 209, 211, 212, 213, 214, 215, 220, 232, 233, 234, 236, 238, 239, 240, 241, 243, 246, 247, 248, 249, 251, 252, 253, 254, 255, 257, 258, 264, 284, 286, 287, 288, 292, 293, 310, 311, 312, 313, 317, 318, 340, 341, 342, 343, 382, 383, 384, 386, 389, 392, 394, 395, 397, 398, 399, 400, 401, 402, 403, 404, 409, 410, 413, 421, 424, 425, 448, 449, 451, 452, 453, 454, 455, 457, 460, 461, 462, 463, 465, 467, 468, 470, 471, 472, 473, 474, 475, 476, 477, 478, 480, 481, 486, 487, 491, 492, 496, 497, 498, 499, 500, 501, 504, 506, 507, 522, 523, 525, 526, 527, 528, 529, 531, 533, 534, 536, 537, 538, 540, 541, 555, 559, 560, 565, 566, 567, 572, 574, 575, 577, 579, 580, 581, 583, 584, 585, 588, 589, 590, 591, 592, 595, 602, 603, 606, 607, 609, 611, 612, 625, 627, 636, 637], "excluded_lines": [178], "functions": {"ImageSearchResult.to_dict": {"executed_lines": [], "summary": {"covered_lines": 0, "num_statements": 1, "percent_covered": 0.0, "percent_covered_display": "0", "missing_lines": 1, "excluded_lines": 0}, "missing_lines": [51], "excluded_lines": []}, "ImageSearchError.__init__": {"executed_lines": [], "summary": {"covered_lines": 0, "num_statements": 3, "percent_covered": 0.0, "percent_covered_display": "0", "missing_lines": 3, "excluded_lines": 0}, "missing_lines": [72, 73, 74], "excluded_lines": []}, "ImageDownloadError.__init__": {"executed_lines": [], "summary": {"covered_lines": 0, "num_statements": 3, "percent_covered": 0.0, "percent_covered_display": "0", "missing_lines": 3, "excluded_lines": 0}, "missing_lines": [81, 82, 83], "excluded_lines": []}, "ImageSearchEngine.__init__": {"executed_lines": [], "summary": {"covered_lines": 0, "num_statements": 6, "percent_covered": 0.0, "percent_covered_display": "0", "missing_lines": 6, "excluded_lines": 0}, "missing_lines": [104, 105, 106, 107, 108, 109], "excluded_lines": []}, "ImageSearchEngine.config": {"executed_lines": [], "summary": {"covered_lines": 0, "num_statements": 1, "percent_covered": 0.0, "percent_covered_display": "0", "missing_lines": 1, "excluded_lines": 0}, "missing_lines": [114], "excluded_lines": []}, "ImageSearchEngine._get_session": {"executed_lines": [], "summary": {"covered_lines": 0, "num_statements": 3, "percent_covered": 0.0, "percent_covered_display": "0", "missing_lines": 3, "excluded_lines": 0}, "missing_lines": [118, 119, 120], "excluded_lines": []}, "ImageSearchEngine.close": {"executed_lines": [], "summary": {"covered_lines": 0, "num_statements": 3, "percent_covered": 0.0, "percent_covered_display": "0", "missing_lines": 3, "excluded_lines": 0}, "missing_lines": [124, 125, 126], "excluded_lines": []}, "ImageSearchEngine._get_headers": {"executed_lines": [], "summary": {"covered_lines": 0, "num_statements": 1, "percent_covered": 0.0, "percent_covered_display": "0", "missing_lines": 1, "excluded_lines": 0}, "missing_lines": [130], "excluded_lines": []}, "ImageSearchEngine.search": {"executed_lines": [], "summary": {"covered_lines": 0, "num_statements": 11, "percent_covered": 0.0, "percent_covered_display": "0", "missing_lines": 11, "excluded_lines": 0}, "missing_lines": [154, 155, 156, 157, 158, 159, 160, 161, 162, 163, 165], "excluded_lines": []}, "ImageSearchEngine._search_impl": {"executed_lines": [], "summary": {"covered_lines": 0, "num_statements": 0, "percent_covered": 100.0, "percent_covered_display": "100", "missing_lines": 0, "excluded_lines": 1}, "missing_lines": [], "excluded_lines": [178]}, "OpenISearchEngine.__init__": {"executed_lines": [], "summary": {"covered_lines": 0, "num_statements": 3, "percent_covered": 0.0, "percent_covered_display": "0", "missing_lines": 3, "excluded_lines": 0}, "missing_lines": [195, 196, 197], "excluded_lines": []}, "OpenISearchEngine._search_impl": {"executed_lines": [], "summary": {"covered_lines": 0, "num_statements": 11, "percent_covered": 0.0, "percent_covered_display": "0", "missing_lines": 11, "excluded_lines": 0}, "missing_lines": [200, 206, 207, 208, 209, 211, 212, 213, 214, 215, 220], "excluded_lines": []}, "OpenISearchEngine._parse_results": {"executed_lines": [], "summary": {"covered_lines": 0, "num_statements": 25, "percent_covered": 0.0, "percent_covered_display": "0", "missing_lines": 25, "excluded_lines": 0}, "missing_lines": [232, 233, 234, 236, 238, 239, 240, 241, 243, 246, 247, 248, 249, 251, 252, 253, 254, 255, 257, 258, 264, 284, 286, 287, 288], "excluded_lines": []}, "OpenISearchEngine._extract_modality": {"executed_lines": [], "summary": {"covered_lines": 0, "num_statements": 6, "percent_covered": 0.0, "percent_covered_display": "0", "missing_lines": 6, "excluded_lines": 0}, "missing_lines": [292, 293, 310, 311, 312, 313], "excluded_lines": []}, "OpenISearchEngine._extract_body_part": {"executed_lines": [], "summary": {"covered_lines": 0, "num_statements": 6, "percent_covered": 0.0, "percent_covered_display": "0", "missing_lines": 6, "excluded_lines": 0}, "missing_lines": [317, 318, 340, 341, 342, 343], "excluded_lines": []}, "MedicalImageSearchManager.__init__": {"executed_lines": [], "summary": {"covered_lines": 0, "num_statements": 18, "percent_covered": 0.0, "percent_covered_display": "0", "missing_lines": 18, "excluded_lines": 0}, "missing_lines": [382, 383, 384, 386, 389, 392, 394, 395, 397, 398, 399, 400, 401, 402, 403, 404, 409, 410], "excluded_lines": []}, "MedicalImageSearchManager.__aenter__": {"executed_lines": [], "summary": {"covered_lines": 0, "num_statements": 1, "percent_covered": 0.0, "percent_covered_display": "0", "missing_lines": 1, "excluded_lines": 0}, "missing_lines": [413], "excluded_lines": []}, "MedicalImageSearchManager.__aexit__": {"executed_lines": [], "summary": {"covered_lines": 0, "num_statements": 1, "percent_covered": 0.0, "percent_covered_display": "0", "missing_lines": 1, "excluded_lines": 0}, "missing_lines": [421], "excluded_lines": []}, "MedicalImageSearchManager.close": {"executed_lines": [], "summary": {"covered_lines": 0, "num_statements": 2, "percent_covered": 0.0, "percent_covered_display": "0", "missing_lines": 2, "excluded_lines": 0}, "missing_lines": [424, 425], "excluded_lines": []}, "MedicalImageSearchManager.search": {"executed_lines": [], "summary": {"covered_lines": 0, "num_statements": 39, "percent_covered": 0.0, "percent_covered_display": "0", "missing_lines": 39, "excluded_lines": 0}, "missing_lines": [448, 449, 451, 452, 453, 454, 455, 457, 460, 461, 462, 463, 465, 467, 468, 470, 471, 472, 473, 474, 475, 476, 477, 478, 480, 481, 486, 487, 491, 492, 496, 497, 498, 499, 500, 501, 504, 506, 507], "excluded_lines": []}, "MedicalImageSearchManager.download_image": {"executed_lines": [], "summary": {"covered_lines": 0, "num_statements": 15, "percent_covered": 0.0, "percent_covered_display": "0", "missing_lines": 15, "excluded_lines": 0}, "missing_lines": [522, 523, 525, 526, 527, 528, 529, 531, 533, 534, 536, 537, 538, 540, 541], "excluded_lines": []}, "MedicalImageSearchManager._do_download": {"executed_lines": [], "summary": {"covered_lines": 0, "num_statements": 16, "percent_covered": 0.0, "percent_covered_display": "0", "missing_lines": 16, "excluded_lines": 0}, "missing_lines": [555, 559, 560, 565, 566, 567, 572, 574, 575, 577, 579, 580, 581, 583, 584, 585], "excluded_lines": []}, "MedicalImageSearchManager._get_extension_from_url": {"executed_lines": [], "summary": {"covered_lines": 0, "num_statements": 5, "percent_covered": 0.0, "percent_covered_display": "0", "missing_lines": 5, "excluded_lines": 0}, "missing_lines": [588, 589, 590, 591, 592], "excluded_lines": []}, "MedicalImageSearchManager._get_extension_from_content_type": {"executed_lines": [], "summary": {"covered_lines": 0, "num_statements": 3, "percent_covered": 0.0, "percent_covered_display": "0", "missing_lines": 3, "excluded_lines": 0}, "missing_lines": [595, 602, 603], "excluded_lines": []}, "MedicalImageSearchManager.format_for_llm": {"executed_lines": [], "summary": {"covered_lines": 0, "num_statements": 7, "percent_covered": 0.0, "percent_covered_display": "0", "missing_lines": 7, "excluded_lines": 0}, "missing_lines": [606, 607, 609, 611, 612, 625, 627], "excluded_lines": []}, "search_medical_images": {"executed_lines": [], "summary": {"covered_lines": 0, "num_statements": 2, "percent_covered": 0.0, "percent_covered_display": "0", "missing_lines": 2, "excluded_lines": 0}, "missing_lines": [636, 637], "excluded_lines": []}, "": {"executed_lines": [1, 7, 9, 10, 11, 12, 13, 14, 15, 16, 17, 19, 20, 21, 23, 24, 25, 26, 29, 30, 31, 33, 34, 35, 36, 37, 38, 39, 40, 41, 42, 43, 44, 45, 46, 47, 49, 68, 69, 71, 77, 78, 80, 86, 87, 92, 93, 111, 112, 116, 122, 128, 140, 141, 167, 168, 181, 182, 188, 189, 199, 222, 223, 290, 291, 315, 316, 346, 347, 359, 360, 412, 415, 423, 427, 428, 509, 510, 543, 587, 594, 605, 630], "summary": {"covered_lines": 76, "num_statements": 76, "percent_covered": 100.0, "percent_covered_display": "100", "missing_lines": 0, "excluded_lines": 0}, "missing_lines": [], "excluded_lines": []}}, "classes": {"ImageSearchResult": {"executed_lines": [], "summary": {"covered_lines": 0, "num_statements": 1, "percent_covered": 0.0, "percent_covered_display": "0", "missing_lines": 1, "excluded_lines": 0}, "missing_lines": [51], "excluded_lines": []}, "ImageSearchError": {"executed_lines": [], "summary": {"covered_lines": 0, "num_statements": 3, "percent_covered": 0.0, "percent_covered_display": "0", "missing_lines": 3, "excluded_lines": 0}, "missing_lines": [72, 73, 74], "excluded_lines": []}, "ImageDownloadError": {"executed_lines": [], "summary": {"covered_lines": 0, "num_statements": 3, "percent_covered": 0.0, "percent_covered_display": "0", "missing_lines": 3, "excluded_lines": 0}, "missing_lines": [81, 82, 83], "excluded_lines": []}, "ImageSearchEngine": {"executed_lines": [], "summary": {"covered_lines": 0, "num_statements": 25, "percent_covered": 0.0, "percent_covered_display": "0", "missing_lines": 25, "excluded_lines": 1}, "missing_lines": [104, 105, 106, 107, 108, 109, 114, 118, 119, 120, 124, 125, 126, 130, 154, 155, 156, 157, 158, 159, 160, 161, 162, 163, 165], "excluded_lines": [178]}, "OpenISearchEngine": {"executed_lines": [], "summary": {"covered_lines": 0, "num_statements": 51, "percent_covered": 0.0, "percent_covered_display": "0", "missing_lines": 51, "excluded_lines": 0}, "missing_lines": [195, 196, 197, 200, 206, 207, 208, 209, 211, 212, 213, 214, 215, 220, 232, 233, 234, 236, 238, 239, 240, 241, 243, 246, 247, 248, 249, 251, 252, 253, 254, 255, 257, 258, 264, 284, 286, 287, 288, 292, 293, 310, 311, 312, 313, 317, 318, 340, 341, 342, 343], "excluded_lines": []}, "MedicalImageSearchManager": {"executed_lines": [], "summary": {"covered_lines": 0, "num_statements": 107, "percent_covered": 0.0, "percent_covered_display": "0", "missing_lines": 107, "excluded_lines": 0}, "missing_lines": [382, 383, 384, 386, 389, 392, 394, 395, 397, 398, 399, 400, 401, 402, 403, 404, 409, 410, 413, 421, 424, 425, 448, 449, 451, 452, 453, 454, 455, 457, 460, 461, 462, 463, 465, 467, 468, 470, 471, 472, 473, 474, 475, 476, 477, 478, 480, 481, 486, 487, 491, 492, 496, 497, 498, 499, 500, 501, 504, 506, 507, 522, 523, 525, 526, 527, 528, 529, 531, 533, 534, 536, 537, 538, 540, 541, 555, 559, 560, 565, 566, 567, 572, 574, 575, 577, 579, 580, 581, 583, 584, 585, 588, 589, 590, 591, 592, 595, 602, 603, 606, 607, 609, 611, 612, 625, 627], "excluded_lines": []}, "": {"executed_lines": [1, 7, 9, 10, 11, 12, 13, 14, 15, 16, 17, 19, 20, 21, 23, 24, 25, 26, 29, 30, 31, 33, 34, 35, 36, 37, 38, 39, 40, 41, 42, 43, 44, 45, 46, 47, 49, 68, 69, 71, 77, 78, 80, 86, 87, 92, 93, 111, 112, 116, 122, 128, 140, 141, 167, 168, 181, 182, 188, 189, 199, 222, 223, 290, 291, 315, 316, 346, 347, 359, 360, 412, 415, 423, 427, 428, 509, 510, 543, 587, 594, 605, 630], "summary": {"covered_lines": 76, "num_statements": 78, "percent_covered": 97.43589743589743, "percent_covered_display": "97", "missing_lines": 2, "excluded_lines": 0}, "missing_lines": [636, 637], "excluded_lines": []}}}, "src/radiant_harness/retrieval/web_search.py": {"executed_lines": [1, 8, 10, 11, 12, 13, 14, 15, 16, 17, 18, 20, 21, 22, 24, 25, 26, 27, 28, 35, 36, 37, 39, 40, 41, 42, 43, 44, 45, 46, 47, 48, 49, 50, 51, 52, 53, 54, 56, 77, 78, 80, 86, 87, 89, 90, 109, 110, 114, 123, 129, 130, 147, 148, 181, 182, 194, 195, 240, 241, 244, 252, 254, 255, 271, 272, 280, 316, 404, 405, 429, 430, 451, 452, 463, 464, 475, 483, 485, 486, 537, 541, 550, 555, 556, 638, 639, 651, 652, 694, 695, 775, 832, 854, 864], "summary": {"covered_lines": 89, "num_statements": 344, "percent_covered": 25.872093023255815, "percent_covered_display": "26", "missing_lines": 255, "excluded_lines": 1}, "missing_lines": [58, 59, 60, 81, 82, 83, 101, 102, 103, 104, 105, 107, 112, 116, 117, 121, 125, 126, 127, 132, 137, 161, 162, 163, 164, 165, 166, 168, 169, 174, 175, 176, 177, 179, 197, 200, 220, 221, 225, 226, 227, 228, 231, 232, 233, 234, 237, 261, 262, 263, 264, 266, 267, 269, 274, 275, 276, 277, 278, 283, 284, 292, 293, 295, 296, 298, 299, 300, 301, 305, 307, 308, 310, 311, 312, 314, 318, 319, 325, 326, 329, 331, 332, 333, 334, 338, 340, 341, 343, 344, 345, 346, 348, 351, 352, 353, 354, 355, 356, 357, 360, 365, 366, 367, 368, 369, 370, 371, 372, 375, 378, 381, 400, 402, 415, 416, 418, 420, 421, 422, 423, 424, 425, 427, 441, 442, 444, 445, 446, 448, 508, 509, 510, 511, 513, 516, 517, 520, 523, 524, 526, 527, 528, 529, 530, 534, 535, 539, 548, 552, 553, 578, 579, 580, 581, 586, 589, 590, 597, 598, 599, 600, 602, 605, 606, 607, 608, 609, 610, 612, 613, 614, 615, 616, 619, 620, 626, 627, 630, 633, 635, 636, 641, 642, 645, 646, 647, 649, 664, 665, 666, 668, 670, 671, 673, 674, 676, 677, 680, 681, 683, 684, 687, 688, 690, 692, 717, 718, 720, 722, 725, 728, 729, 730, 731, 732, 733, 735, 740, 743, 744, 747, 748, 749, 752, 753, 755, 756, 758, 763, 766, 769, 772, 773, 787, 788, 790, 791, 793, 794, 796, 797, 800, 819, 820, 823, 825, 826, 828, 848, 851, 860, 861, 870, 871], "excluded_lines": [192], "functions": {"SearchResult.to_llm_dict": {"executed_lines": [], "summary": {"covered_lines": 0, "num_statements": 3, "percent_covered": 0.0, "percent_covered_display": "0", "missing_lines": 3, "excluded_lines": 0}, "missing_lines": [58, 59, 60], "excluded_lines": []}, "SearchError.__init__": {"executed_lines": [], "summary": {"covered_lines": 0, "num_statements": 3, "percent_covered": 0.0, "percent_covered_display": "0", "missing_lines": 3, "excluded_lines": 0}, "missing_lines": [81, 82, 83], "excluded_lines": []}, "SearchEngine.__init__": {"executed_lines": [], "summary": {"covered_lines": 0, "num_statements": 6, "percent_covered": 0.0, "percent_covered_display": "0", "missing_lines": 6, "excluded_lines": 0}, "missing_lines": [101, 102, 103, 104, 105, 107], "excluded_lines": []}, "SearchEngine.config": {"executed_lines": [], "summary": {"covered_lines": 0, "num_statements": 1, "percent_covered": 0.0, "percent_covered_display": "0", "missing_lines": 1, "excluded_lines": 0}, "missing_lines": [112], "excluded_lines": []}, "SearchEngine._get_session": {"executed_lines": [], "summary": {"covered_lines": 0, "num_statements": 3, "percent_covered": 0.0, "percent_covered_display": "0", "missing_lines": 3, "excluded_lines": 0}, "missing_lines": [116, 117, 121], "excluded_lines": []}, "SearchEngine.close": {"executed_lines": [], "summary": {"covered_lines": 0, "num_statements": 3, "percent_covered": 0.0, "percent_covered_display": "0", "missing_lines": 3, "excluded_lines": 0}, "missing_lines": [125, 126, 127], "excluded_lines": []}, "SearchEngine._get_headers": {"executed_lines": [], "summary": {"covered_lines": 0, "num_statements": 2, "percent_covered": 0.0, "percent_covered_display": "0", "missing_lines": 2, "excluded_lines": 0}, "missing_lines": [132, 137], "excluded_lines": []}, "SearchEngine.search": {"executed_lines": [], "summary": {"covered_lines": 0, "num_statements": 13, "percent_covered": 0.0, "percent_covered_display": "0", "missing_lines": 13, "excluded_lines": 0}, "missing_lines": [161, 162, 163, 164, 165, 166, 168, 169, 174, 175, 176, 177, 179], "excluded_lines": []}, "SearchEngine._search_impl": {"executed_lines": [], "summary": {"covered_lines": 0, "num_statements": 0, "percent_covered": 100.0, "percent_covered_display": "100", "missing_lines": 0, "excluded_lines": 1}, "missing_lines": [], "excluded_lines": [192]}, "SearchEngine._calculate_reliability": {"executed_lines": [], "summary": {"covered_lines": 0, "num_statements": 13, "percent_covered": 0.0, "percent_covered_display": "0", "missing_lines": 13, "excluded_lines": 0}, "missing_lines": [197, 200, 220, 221, 225, 226, 227, 228, 231, 232, 233, 234, 237], "excluded_lines": []}, "PubMedSearchEngine.__init__": {"executed_lines": [], "summary": {"covered_lines": 0, "num_statements": 7, "percent_covered": 0.0, "percent_covered_display": "0", "missing_lines": 7, "excluded_lines": 0}, "missing_lines": [261, 262, 263, 264, 266, 267, 269], "excluded_lines": []}, "PubMedSearchEngine._get_optional_email": {"executed_lines": [], "summary": {"covered_lines": 0, "num_statements": 5, "percent_covered": 0.0, "percent_covered_display": "0", "missing_lines": 5, "excluded_lines": 0}, "missing_lines": [274, 275, 276, 277, 278], "excluded_lines": []}, "PubMedSearchEngine._search_impl": {"executed_lines": [], "summary": {"covered_lines": 0, "num_statements": 17, "percent_covered": 0.0, "percent_covered_display": "0", "missing_lines": 17, "excluded_lines": 0}, "missing_lines": [283, 284, 292, 293, 295, 296, 298, 299, 300, 301, 305, 307, 308, 310, 311, 312, 314], "excluded_lines": []}, "PubMedSearchEngine._fetch_article_details": {"executed_lines": [], "summary": {"covered_lines": 0, "num_statements": 38, "percent_covered": 0.0, "percent_covered_display": "0", "missing_lines": 38, "excluded_lines": 0}, "missing_lines": [318, 319, 325, 326, 329, 331, 332, 333, 334, 338, 340, 341, 343, 344, 345, 346, 348, 351, 352, 353, 354, 355, 356, 357, 360, 365, 366, 367, 368, 369, 370, 371, 372, 375, 378, 381, 400, 402], "excluded_lines": []}, "PubMedSearchEngine._create_snippet": {"executed_lines": [], "summary": {"covered_lines": 0, "num_statements": 10, "percent_covered": 0.0, "percent_covered_display": "0", "missing_lines": 10, "excluded_lines": 0}, "missing_lines": [415, 416, 418, 420, 421, 422, 423, 424, 425, 427], "excluded_lines": []}, "PubMedSearchEngine._extract_medical_entities": {"executed_lines": [], "summary": {"covered_lines": 0, "num_statements": 6, "percent_covered": 0.0, "percent_covered_display": "0", "missing_lines": 6, "excluded_lines": 0}, "missing_lines": [441, 442, 444, 445, 446, 448], "excluded_lines": []}, "WebSearchManager.__init__": {"executed_lines": [], "summary": {"covered_lines": 0, "num_statements": 17, "percent_covered": 0.0, "percent_covered_display": "0", "missing_lines": 17, "excluded_lines": 0}, "missing_lines": [508, 509, 510, 511, 513, 516, 517, 520, 523, 524, 526, 527, 528, 529, 530, 534, 535], "excluded_lines": []}, "WebSearchManager.__aenter__": {"executed_lines": [], "summary": {"covered_lines": 0, "num_statements": 1, "percent_covered": 0.0, "percent_covered_display": "0", "missing_lines": 1, "excluded_lines": 0}, "missing_lines": [539], "excluded_lines": []}, "WebSearchManager.__aexit__": {"executed_lines": [], "summary": {"covered_lines": 0, "num_statements": 1, "percent_covered": 0.0, "percent_covered_display": "0", "missing_lines": 1, "excluded_lines": 0}, "missing_lines": [548], "excluded_lines": []}, "WebSearchManager.close": {"executed_lines": [], "summary": {"covered_lines": 0, "num_statements": 2, "percent_covered": 0.0, "percent_covered_display": "0", "missing_lines": 2, "excluded_lines": 0}, "missing_lines": [552, 553], "excluded_lines": []}, "WebSearchManager.search": {"executed_lines": [], "summary": {"covered_lines": 0, "num_statements": 31, "percent_covered": 0.0, "percent_covered_display": "0", "missing_lines": 31, "excluded_lines": 0}, "missing_lines": [578, 579, 580, 581, 586, 589, 590, 597, 598, 599, 600, 602, 605, 606, 607, 608, 609, 610, 612, 613, 614, 615, 616, 619, 620, 626, 627, 630, 633, 635, 636], "excluded_lines": []}, "WebSearchManager._enhance_query": {"executed_lines": [], "summary": {"covered_lines": 0, "num_statements": 6, "percent_covered": 0.0, "percent_covered_display": "0", "missing_lines": 6, "excluded_lines": 0}, "missing_lines": [641, 642, 645, 646, 647, 649], "excluded_lines": []}, "WebSearchManager._filter_results": {"executed_lines": [], "summary": {"covered_lines": 0, "num_statements": 18, "percent_covered": 0.0, "percent_covered_display": "0", "missing_lines": 18, "excluded_lines": 0}, "missing_lines": [664, 665, 666, 668, 670, 671, 673, 674, 676, 677, 680, 681, 683, 684, 687, 688, 690, 692], "excluded_lines": []}, "WebSearchManager._rank_results": {"executed_lines": [], "summary": {"covered_lines": 0, "num_statements": 28, "percent_covered": 0.0, "percent_covered_display": "0", "missing_lines": 28, "excluded_lines": 0}, "missing_lines": [717, 718, 720, 722, 725, 728, 729, 730, 731, 732, 733, 735, 740, 743, 744, 747, 748, 749, 752, 753, 755, 756, 758, 763, 766, 769, 772, 773], "excluded_lines": []}, "WebSearchManager.format_for_llm": {"executed_lines": [], "summary": {"covered_lines": 0, "num_statements": 15, "percent_covered": 0.0, "percent_covered_display": "0", "missing_lines": 15, "excluded_lines": 0}, "missing_lines": [787, 788, 790, 791, 793, 794, 796, 797, 800, 819, 820, 823, 825, 826, 828], "excluded_lines": []}, "search_medical_literature": {"executed_lines": [], "summary": {"covered_lines": 0, "num_statements": 2, "percent_covered": 0.0, "percent_covered_display": "0", "missing_lines": 2, "excluded_lines": 0}, "missing_lines": [848, 851], "excluded_lines": []}, "search_clinical_guidelines": {"executed_lines": [], "summary": {"covered_lines": 0, "num_statements": 2, "percent_covered": 0.0, "percent_covered_display": "0", "missing_lines": 2, "excluded_lines": 0}, "missing_lines": [860, 861], "excluded_lines": []}, "search_diagnostic_information": {"executed_lines": [], "summary": {"covered_lines": 0, "num_statements": 2, "percent_covered": 0.0, "percent_covered_display": "0", "missing_lines": 2, "excluded_lines": 0}, "missing_lines": [870, 871], "excluded_lines": []}, "": {"executed_lines": [1, 8, 10, 11, 12, 13, 14, 15, 16, 17, 18, 20, 21, 22, 24, 25, 26, 27, 28, 35, 36, 37, 39, 40, 41, 42, 43, 44, 45, 46, 47, 48, 49, 50, 51, 52, 53, 54, 56, 77, 78, 80, 86, 87, 89, 90, 109, 110, 114, 123, 129, 130, 147, 148, 181, 182, 194, 195, 240, 241, 244, 252, 254, 255, 271, 272, 280, 316, 404, 405, 429, 430, 451, 452, 463, 464, 475, 483, 485, 486, 537, 541, 550, 555, 556, 638, 639, 651, 652, 694, 695, 775, 832, 854, 864], "summary": {"covered_lines": 89, "num_statements": 89, "percent_covered": 100.0, "percent_covered_display": "100", "missing_lines": 0, "excluded_lines": 0}, "missing_lines": [], "excluded_lines": []}}, "classes": {"SearchResult": {"executed_lines": [], "summary": {"covered_lines": 0, "num_statements": 3, "percent_covered": 0.0, "percent_covered_display": "0", "missing_lines": 3, "excluded_lines": 0}, "missing_lines": [58, 59, 60], "excluded_lines": []}, "SearchError": {"executed_lines": [], "summary": {"covered_lines": 0, "num_statements": 3, "percent_covered": 0.0, "percent_covered_display": "0", "missing_lines": 3, "excluded_lines": 0}, "missing_lines": [81, 82, 83], "excluded_lines": []}, "SearchEngine": {"executed_lines": [], "summary": {"covered_lines": 0, "num_statements": 41, "percent_covered": 0.0, "percent_covered_display": "0", "missing_lines": 41, "excluded_lines": 1}, "missing_lines": [101, 102, 103, 104, 105, 107, 112, 116, 117, 121, 125, 126, 127, 132, 137, 161, 162, 163, 164, 165, 166, 168, 169, 174, 175, 176, 177, 179, 197, 200, 220, 221, 225, 226, 227, 228, 231, 232, 233, 234, 237], "excluded_lines": [192]}, "PubMedSearchEngine": {"executed_lines": [], "summary": {"covered_lines": 0, "num_statements": 83, "percent_covered": 0.0, "percent_covered_display": "0", "missing_lines": 83, "excluded_lines": 0}, "missing_lines": [261, 262, 263, 264, 266, 267, 269, 274, 275, 276, 277, 278, 283, 284, 292, 293, 295, 296, 298, 299, 300, 301, 305, 307, 308, 310, 311, 312, 314, 318, 319, 325, 326, 329, 331, 332, 333, 334, 338, 340, 341, 343, 344, 345, 346, 348, 351, 352, 353, 354, 355, 356, 357, 360, 365, 366, 367, 368, 369, 370, 371, 372, 375, 378, 381, 400, 402, 415, 416, 418, 420, 421, 422, 423, 424, 425, 427, 441, 442, 444, 445, 446, 448], "excluded_lines": []}, "WebSearchManager": {"executed_lines": [], "summary": {"covered_lines": 0, "num_statements": 119, "percent_covered": 0.0, "percent_covered_display": "0", "missing_lines": 119, "excluded_lines": 0}, "missing_lines": [508, 509, 510, 511, 513, 516, 517, 520, 523, 524, 526, 527, 528, 529, 530, 534, 535, 539, 548, 552, 553, 578, 579, 580, 581, 586, 589, 590, 597, 598, 599, 600, 602, 605, 606, 607, 608, 609, 610, 612, 613, 614, 615, 616, 619, 620, 626, 627, 630, 633, 635, 636, 641, 642, 645, 646, 647, 649, 664, 665, 666, 668, 670, 671, 673, 674, 676, 677, 680, 681, 683, 684, 687, 688, 690, 692, 717, 718, 720, 722, 725, 728, 729, 730, 731, 732, 733, 735, 740, 743, 744, 747, 748, 749, 752, 753, 755, 756, 758, 763, 766, 769, 772, 773, 787, 788, 790, 791, 793, 794, 796, 797, 800, 819, 820, 823, 825, 826, 828], "excluded_lines": []}, "": {"executed_lines": [1, 8, 10, 11, 12, 13, 14, 15, 16, 17, 18, 20, 21, 22, 24, 25, 26, 27, 28, 35, 36, 37, 39, 40, 41, 42, 43, 44, 45, 46, 47, 48, 49, 50, 51, 52, 53, 54, 56, 77, 78, 80, 86, 87, 89, 90, 109, 110, 114, 123, 129, 130, 147, 148, 181, 182, 194, 195, 240, 241, 244, 252, 254, 255, 271, 272, 280, 316, 404, 405, 429, 430, 451, 452, 463, 464, 475, 483, 485, 486, 537, 541, 550, 555, 556, 638, 639, 651, 652, 694, 695, 775, 832, 854, 864], "summary": {"covered_lines": 89, "num_statements": 95, "percent_covered": 93.6842105263158, "percent_covered_display": "94", "missing_lines": 6, "excluded_lines": 0}, "missing_lines": [848, 851, 860, 861, 870, 871], "excluded_lines": []}}}, "src/radiant_harness/tools/__init__.py": {"executed_lines": [1, 6, 8, 9, 10, 11, 12, 13, 15], "summary": {"covered_lines": 8, "num_statements": 8, "percent_covered": 100.0, "percent_covered_display": "100", "missing_lines": 0, "excluded_lines": 0}, "missing_lines": [], "excluded_lines": [], "functions": {"": {"executed_lines": [1, 6, 8, 9, 10, 11, 12, 13, 15], "summary": {"covered_lines": 8, "num_statements": 8, "percent_covered": 100.0, "percent_covered_display": "100", "missing_lines": 0, "excluded_lines": 0}, "missing_lines": [], "excluded_lines": []}}, "classes": {"": {"executed_lines": [1, 6, 8, 9, 10, 11, 12, 13, 15], "summary": {"covered_lines": 8, "num_statements": 8, "percent_covered": 100.0, "percent_covered_display": "100", "missing_lines": 0, "excluded_lines": 0}, "missing_lines": [], "excluded_lines": []}}}, "src/radiant_harness/tools/image_manager.py": {"executed_lines": [1, 3, 5, 6, 7, 8, 10, 11, 12, 13, 15, 18, 19, 20, 29, 30, 37, 38, 42, 43, 47, 48, 52, 53, 78, 79, 102, 103, 122, 123, 138, 139, 149, 150, 160, 161, 171, 175], "summary": {"covered_lines": 36, "num_statements": 96, "percent_covered": 37.5, "percent_covered_display": "38", "missing_lines": 60, "excluded_lines": 0}, "missing_lines": [32, 33, 34, 35, 40, 45, 50, 62, 64, 65, 66, 67, 68, 69, 70, 71, 72, 73, 75, 76, 84, 85, 86, 87, 88, 89, 90, 91, 92, 93, 94, 97, 98, 115, 116, 118, 119, 120, 129, 130, 132, 133, 134, 135, 136, 141, 142, 143, 144, 145, 146, 147, 156, 157, 158, 167, 168, 169, 173, 182], "excluded_lines": [], "functions": {"ImageManager.__init__": {"executed_lines": [], "summary": {"covered_lines": 0, "num_statements": 4, "percent_covered": 0.0, "percent_covered_display": "0", "missing_lines": 4, "excluded_lines": 0}, "missing_lines": [32, 33, 34, 35], "excluded_lines": []}, "ImageManager.current_image": {"executed_lines": [], "summary": {"covered_lines": 0, "num_statements": 1, "percent_covered": 0.0, "percent_covered_display": "0", "missing_lines": 1, "excluded_lines": 0}, "missing_lines": [40], "excluded_lines": []}, "ImageManager.image_path": {"executed_lines": [], "summary": {"covered_lines": 0, "num_statements": 1, "percent_covered": 0.0, "percent_covered_display": "0", "missing_lines": 1, "excluded_lines": 0}, "missing_lines": [45], "excluded_lines": []}, "ImageManager.has_image": {"executed_lines": [], "summary": {"covered_lines": 0, "num_statements": 1, "percent_covered": 0.0, "percent_covered_display": "0", "missing_lines": 1, "excluded_lines": 0}, "missing_lines": [50], "excluded_lines": []}, "ImageManager.set_image": {"executed_lines": [], "summary": {"covered_lines": 0, "num_statements": 13, "percent_covered": 0.0, "percent_covered_display": "0", "missing_lines": 13, "excluded_lines": 0}, "missing_lines": [62, 64, 65, 66, 67, 68, 69, 70, 71, 72, 73, 75, 76], "excluded_lines": []}, "ImageManager.ensure_loaded": {"executed_lines": [], "summary": {"covered_lines": 0, "num_statements": 13, "percent_covered": 0.0, "percent_covered_display": "0", "missing_lines": 13, "excluded_lines": 0}, "missing_lines": [84, 85, 86, 87, 88, 89, 90, 91, 92, 93, 94, 97, 98], "excluded_lines": []}, "ImageManager.transform_image": {"executed_lines": [], "summary": {"covered_lines": 0, "num_statements": 5, "percent_covered": 0.0, "percent_covered_display": "0", "missing_lines": 5, "excluded_lines": 0}, "missing_lines": [115, 116, 118, 119, 120], "excluded_lines": []}, "ImageManager.reset_to_original": {"executed_lines": [], "summary": {"covered_lines": 0, "num_statements": 7, "percent_covered": 0.0, "percent_covered_display": "0", "missing_lines": 7, "excluded_lines": 0}, "missing_lines": [129, 130, 132, 133, 134, 135, 136], "excluded_lines": []}, "ImageManager.close": {"executed_lines": [], "summary": {"covered_lines": 0, "num_statements": 7, "percent_covered": 0.0, "percent_covered_display": "0", "missing_lines": 7, "excluded_lines": 0}, "missing_lines": [141, 142, 143, 144, 145, 146, 147], "excluded_lines": []}, "ImageManager.get_size": {"executed_lines": [], "summary": {"covered_lines": 0, "num_statements": 3, "percent_covered": 0.0, "percent_covered_display": "0", "missing_lines": 3, "excluded_lines": 0}, "missing_lines": [156, 157, 158], "excluded_lines": []}, "ImageManag
[...]
"summary": {"covered_lines": 0, "num_statements": 1, "percent_covered": 0.0, "percent_covered_display": "0", "missing_lines": 1, "excluded_lines": 0}, "missing_lines": [50], "excluded_lines": []}, "VerifiableProcessorMixin.as_verifiers_env": {"executed_lines": [], "summary": {"covered_lines": 0, "num_statements": 12, "percent_covered": 0.0, "percent_covered_display": "0", "missing_lines": 12, "excluded_lines": 0}, "missing_lines": [87, 88, 90, 92, 95, 121, 127, 157, 174, 202, 213, 217], "excluded_lines": []}, "VerifiableProcessorMixin.as_verifiers_env._VerifiableEnv.__init__": {"executed_lines": [], "summary": {"covered_lines": 0, "num_statements": 6, "percent_covered": 0.0, "percent_covered_display": "0", "missing_lines": 6, "excluded_lines": 0}, "missing_lines": [102, 103, 105, 114, 115, 119], "excluded_lines": []}, "VerifiableProcessorMixin.as_verifiers_env._VerifiableEnv.get_system_prompt": {"executed_lines": [], "summary": {"covered_lines": 0, "num_statements": 1, "percent_covered": 0.0, "percent_covered_display": "0", "missing_lines": 1, "excluded_lines": 0}, "missing_lines": [125], "excluded_lines": []}, "VerifiableProcessorMixin.as_verifiers_env._VerifiableEnv._build_user_message": {"executed_lines": [], "summary": {"covered_lines": 0, "num_statements": 7, "percent_covered": 0.0, "percent_covered_display": "0", "missing_lines": 7, "excluded_lines": 0}, "missing_lines": [133, 135, 137, 138, 141, 146, 155], "excluded_lines": []}, "VerifiableProcessorMixin.as_verifiers_env._VerifiableEnv.build_initial_state": {"executed_lines": [], "summary": {"covered_lines": 0, "num_statements": 7, "percent_covered": 0.0, "percent_covered_display": "0", "missing_lines": 7, "excluded_lines": 0}, "missing_lines": [163, 166, 167, 168, 169, 170, 172], "excluded_lines": []}, "VerifiableProcessorMixin.as_verifiers_env._VerifiableEnv.env_response": {"executed_lines": [], "summary": {"covered_lines": 0, "num_statements": 8, "percent_covered": 0.0, "percent_covered_display": "0", "missing_lines": 8, "excluded_lines": 0}, "missing_lines": [181, 184, 187, 193, 194, 195, 198, 200], "excluded_lines": []}, "VerifiableProcessorMixin.as_verifiers_env._VerifiableEnv.is_completed": {"executed_lines": [], "summary": {"covered_lines": 0, "num_statements": 3, "percent_covered": 0.0, "percent_covered_display": "0", "missing_lines": 3, "excluded_lines": 0}, "missing_lines": [209, 210, 211], "excluded_lines": []}, "VerifiableProcessorMixin.as_verifiers_env._VerifiableEnv.get_reward_function": {"executed_lines": [], "summary": {"covered_lines": 0, "num_statements": 1, "percent_covered": 0.0, "percent_covered_display": "0", "missing_lines": 1, "excluded_lines": 0}, "missing_lines": [215], "excluded_lines": []}, "create_verifiable_processor": {"executed_lines": [], "summary": {"covered_lines": 0, "num_statements": 6, "percent_covered": 0.0, "percent_covered_display": "0", "missing_lines": 6, "excluded_lines": 0}, "missing_lines": [244, 247, 249, 252, 253, 255], "excluded_lines": []}, "create_verifiable_processor._VerifiableProcessor.get_reward_function": {"executed_lines": [], "summary": {"covered_lines": 0, "num_statements": 1, "percent_covered": 0.0, "percent_covered_display": "0", "missing_lines": 1, "excluded_lines": 0}, "missing_lines": [250], "excluded_lines": []}, "": {"executed_lines": [1, 7, 9, 10, 11, 12, 14, 16, 22, 23, 41, 42, 52, 53, 54, 220, 221], "summary": {"covered_lines": 15, "num_statements": 17, "percent_covered": 88.23529411764706, "percent_covered_display": "88", "missing_lines": 2, "excluded_lines": 0}, "missing_lines": [17, 19], "excluded_lines": []}}, "classes": {"VerifiableProcessorMixin": {"executed_lines": [], "summary": {"covered_lines": 0, "num_statements": 13, "percent_covered": 0.0, "percent_covered_display": "0", "missing_lines": 13, "excluded_lines": 0}, "missing_lines": [50, 87, 88, 90, 92, 95, 121, 127, 157, 174, 202, 213, 217], "excluded_lines": []}, "VerifiableProcessorMixin.as_verifiers_env._VerifiableEnv": {"executed_lines": [], "summary": {"covered_lines": 0, "num_statements": 33, "percent_covered": 0.0, "percent_covered_display": "0", "missing_lines": 33, "excluded_lines": 0}, "missing_lines": [102, 103, 105, 114, 115, 119, 125, 133, 135, 137, 138, 141, 146, 155, 163, 166, 167, 168, 169, 170, 172, 181, 184, 187, 193, 194, 195, 198, 200, 209, 210, 211, 215], "excluded_lines": []}, "create_verifiable_processor._VerifiableProcessor": {"executed_lines": [], "summary": {"covered_lines": 0, "num_statements": 1, "percent_covered": 0.0, "percent_covered_display": "0", "missing_lines": 1, "excluded_lines": 0}, "missing_lines": [250], "excluded_lines": []}, "": {"executed_lines": [1, 7, 9, 10, 11, 12, 14, 16, 22, 23, 41, 42, 52, 53, 54, 220, 221], "summary": {"covered_lines": 15, "num_statements": 23, "percent_covered": 65.21739130434783, "percent_covered_display": "65", "missing_lines": 8, "excluded_lines": 0}, "missing_lines": [17, 19, 244, 247, 249, 252, 253, 255], "excluded_lines": []}}}, "src/radiant_harness/verifiers/rewards.py": {"executed_lines": [1, 7, 9, 10, 11, 12, 14, 17, 18, 24, 25, 44, 45, 51, 68, 88, 101, 115, 116, 122, 139, 184, 196, 220, 221, 226, 240, 260, 296, 313, 339, 340, 342, 370, 390], "summary": {"covered_lines": 29, "num_statements": 179, "percent_covered": 16.201117318435752, "percent_covered_display": "16", "missing_lines": 150, "excluded_lines": 1}, "missing_lines": [64, 65, 66, 76, 77, 80, 81, 82, 85, 86, 90, 91, 92, 94, 95, 96, 97, 98, 99, 103, 104, 107, 108, 110, 112, 135, 136, 137, 147, 148, 151, 152, 155, 156, 157, 158, 161, 162, 164, 165, 166, 167, 170, 176, 177, 179, 180, 182, 186, 187, 188, 189, 190, 191, 192, 193, 194, 198, 199, 202, 203, 204, 207, 209, 210, 211, 212, 213, 215, 217, 237, 238, 248, 249, 251, 252, 255, 258, 263, 266, 267, 269, 270, 272, 273, 274, 275, 276, 277, 278, 279, 281, 282, 283, 284, 285, 286, 289, 290, 291, 292, 294, 298, 299, 300, 301, 302, 303, 304, 305, 306, 308, 309, 310, 311, 316, 317, 320, 321, 322, 323, 325, 326, 328, 331, 332, 334, 336, 355, 356, 358, 359, 360, 362, 363, 365, 366, 368, 377, 378, 380, 381, 382, 383, 386, 388, 392, 393, 397, 398], "excluded_lines": [41], "functions": {"BaseRewardFunction.__call__": {"executed_lines": [], "summary": {"covered_lines": 0, "num_statements": 0, "percent_covered": 100.0, "percent_covered_display": "100", "missing_lines": 0, "excluded_lines": 1}, "missing_lines": [], "excluded_lines": [41]}, "ExactMatchReward.__init__": {"executed_lines": [], "summary": {"covered_lines": 0, "num_statements": 3, "percent_covered": 0.0, "percent_covered_display": "0", "missing_lines": 3, "excluded_lines": 0}, "missing_lines": [64, 65, 66], "excluded_lines": []}, "ExactMatchReward.__call__": {"executed_lines": [], "summary": {"covered_lines": 0, "num_statements": 7, "percent_covered": 0.0, "percent_covered_display": "0", "missing_lines": 7, "excluded_lines": 0}, "missing_lines": [76, 77, 80, 81, 82, 85, 86], "excluded_lines": []}, "ExactMatchReward._extract_prediction": {"executed_lines": [], "summary": {"covered_lines": 0, "num_statements": 9, "percent_covered": 0.0, "percent_covered_display": "0", "missing_lines": 9, "excluded_lines": 0}, "missing_lines": [90, 91, 92, 94, 95, 96, 97, 98, 99], "excluded_lines": []}, "ExactMatchReward._normalize": {"executed_lines": [], "summary": {"covered_lines": 0, "num_statements": 6, "percent_covered": 0.0, "percent_covered_display": "0", "missing_lines": 6, "excluded_lines": 0}, "missing_lines": [103, 104, 107, 108, 110, 112], "excluded_lines": []}, "TokenF1Reward.__init__": {"executed_lines": [], "summary": {"covered_lines": 0, "num_statements": 3, "percent_covered": 0.0, "percent_covered_display": "0", "missing_lines": 3, "excluded_lines": 0}, "missing_lines": [135, 136, 137], "excluded_lines": []}, "TokenF1Reward.__call__": {"executed_lines": [], "summary": {"covered_lines": 0, "num_statements": 20, "percent_covered": 0.0, "percent_covered_display": "0", "missing_lines": 20, "excluded_lines": 0}, "missing_lines": [147, 148, 151, 152, 155, 156, 157, 158, 161, 162, 164, 165, 166, 167, 170, 176, 177, 179, 180, 182], "excluded_lines": []}, "TokenF1Reward._extract_prediction": {"executed_lines": [], "summary": {"covered_lines": 0, "num_statements": 9, "percent_covered": 0.0, "percent_covered_display": "0", "missing_lines": 9, "excluded_lines": 0}, "missing_lines": [186, 187, 188, 189, 190, 191, 192, 193, 194], "excluded_lines": []}, "TokenF1Reward._tokenize": {"executed_lines": [], "summary": {"covered_lines": 0, "num_statements": 13, "percent_covered": 0.0, "percent_covered_display": "0", "missing_lines": 13, "excluded_lines": 0}, "missing_lines": [198, 199, 202, 203, 204, 207, 209, 210, 211, 212, 213, 215, 217], "excluded_lines": []}, "IoUReward.__init__": {"executed_lines": [], "summary": {"covered_lines": 0, "num_statements": 2, "percent_covered": 0.0, "percent_covered_display": "0", "missing_lines": 2, "excluded_lines": 0}, "missing_lines": [237, 238], "excluded_lines": []}, "IoUReward.__call__": {"executed_lines": [], "summary": {"covered_lines": 0, "num_statements": 6, "percent_covered": 0.0, "percent_covered_display": "0", "missing_lines": 6, "excluded_lines": 0}, "missing_lines": [248, 249, 251, 252, 255, 258], "excluded_lines": []}, "IoUReward._extract_bbox": {"executed_lines": [], "summary": {"covered_lines": 0, "num_statements": 24, "percent_covered": 0.0, "percent_covered_display": "0", "missing_lines": 24, "excluded_lines": 0}, "missing_lines": [263, 266, 267, 269, 270, 272, 273, 274, 275, 276, 277, 278, 279, 281, 282, 283, 284, 285, 286, 289, 290, 291, 292, 294], "excluded_lines": []}, "IoUReward._extract_text": {"executed_lines": [], "summary": {"covered_lines": 0, "num_statements": 13, "percent_covered": 0.0, "percent_covered_display": "0", "missing_lines": 13, "excluded_lines": 0}, "missing_lines": [298, 299, 300, 301, 302, 303, 304, 305, 306, 308, 309, 310, 311], "excluded_lines": []}, "IoUReward._compute_iou": {"executed_lines": [], "summary": {"covered_lines": 0, "num_statements": 13, "percent_covered": 0.0, "percent_covered_display": "0", "missing_lines": 13, "excluded_lines": 0}, "missing_lines": [316, 317, 320, 321, 322, 323, 325, 326, 328, 331, 332, 334, 336], "excluded_lines": []}, "CombinedReward.__init__": {"executed_lines": [], "summary": {"covered_lines": 0, "num_statements": 10, "percent_covered": 0.0, "percent_covered_display": "0", "missing_lines": 10, "excluded_lines": 0}, "missing_lines": [355, 356, 358, 359, 360, 362, 363, 365, 366, 368], "excluded_lines": []}, "CombinedReward.__call__": {"executed_lines": [], "summary": {"covered_lines": 0, "num_statements": 8, "percent_covered": 0.0, "percent_covered_display": "0", "missing_lines": 8, "excluded_lines": 0}, "missing_lines": [377, 378, 380, 381, 382, 383, 386, 388], "excluded_lines": []}, "CombinedReward.get_rubric": {"executed_lines": [], "summary": {"covered_lines": 0, "num_statements": 4, "percent_covered": 0.0, "percent_covered_display": "0", "missing_lines": 4, "excluded_lines": 0}, "missing_lines": [392, 393, 397, 398], "excluded_lines": []}, "": {"executed_lines": [1, 7, 9, 10, 11, 12, 14, 17, 18, 24, 25, 44, 45, 51, 68, 88, 101, 115, 116, 122, 139, 184, 196, 220, 221, 226, 240, 260, 296, 313, 339, 340, 342, 370, 390], "summary": {"covered_lines": 29, "num_statements": 29, "percent_covered": 100.0, "percent_covered_display": "100", "missing_lines": 0, "excluded_lines": 0}, "missing_lines": [], "excluded_lines": []}}, "classes": {"BaseRewardFunction": {"executed_lines": [], "summary": {"covered_lines": 0, "num_statements": 0, "percent_covered": 100.0, "percent_covered_display": "100", "missing_lines": 0, "excluded_lines": 1}, "missing_lines": [], "excluded_lines": [41]}, "ExactMatchReward": {"executed_lines": [], "summary": {"covered_lines": 0, "num_statements": 25, "percent_covered": 0.0, "percent_covered_display": "0", "missing_lines": 25, "excluded_lines": 0}, "missing_lines": [64, 65, 66, 76, 77, 80, 81, 82, 85, 86, 90, 91, 92, 94, 95, 96, 97, 98, 99, 103, 104, 107, 108, 110, 112], "excluded_lines": []}, "TokenF1Reward": {"executed_lines": [], "summary": {"covered_lines": 0, "num_statements": 45, "percent_covered": 0.0, "percent_covered_display": "0", "missing_lines": 45, "excluded_lines": 0}, "missing_lines": [135, 136, 137, 147, 148, 151, 152, 155, 156, 157, 158, 161, 162, 164, 165, 166, 167, 170, 176, 177, 179, 180, 182, 186, 187, 188, 189, 190, 191, 192, 193, 194, 198, 199, 202, 203, 204, 207, 209, 210, 211, 212, 213, 215, 217], "excluded_lines": []}, "IoUReward": {"executed_lines": [], "summary": {"covered_lines": 0, "num_statements": 58, "percent_covered": 0.0, "percent_covered_display": "0", "missing_lines": 58, "excluded_lines": 0}, "missing_lines": [237, 238, 248, 249, 251, 252, 255, 258, 263, 266, 267, 269, 270, 272, 273, 274, 275, 276, 277, 278, 279, 281, 282, 283, 284, 285, 286, 289, 290, 291, 292, 294, 298, 299, 300, 301, 302, 303, 304, 305, 306, 308, 309, 310, 311, 316, 317, 320, 321, 322, 323, 325, 326, 328, 331, 332, 334, 336], "excluded_lines": []}, "CombinedReward": {"executed_lines": [], "summary": {"covered_lines": 0, "num_statements": 22, "percent_covered": 0.0, "percent_covered_display": "0", "missing_lines": 22, "excluded_lines": 0}, "missing_lines": [355, 356, 358, 359, 360, 362, 363, 365, 366, 368, 377, 378, 380, 381, 382, 383, 386, 388, 392, 393, 397, 398], "excluded_lines": []}, "": {"executed_lines": [1, 7, 9, 10, 11, 12, 14, 17, 18, 24, 25, 44, 45, 51, 68, 88, 101, 115, 116, 122, 139, 184, 196, 220, 221, 226, 240, 260, 296, 313, 339, 340, 342, 370, 390], "summary": {"covered_lines": 29, "num_statements": 29, "percent_covered": 100.0, "percent_covered_display": "100", "missing_lines": 0, "excluded_lines": 0}, "missing_lines": [], "excluded_lines": []}}}, "src/radiant_harness/verifiers/tool_bridge.py": {"executed_lines": [1, 7, 9, 10, 11, 12, 14, 16, 17, 18, 19, 20, 23, 24, 33, 34, 64, 65, 69, 70, 82, 83, 89, 90, 110, 111, 142, 143, 164, 165, 181, 182, 235, 236, 261, 262, 303, 304], "summary": {"covered_lines": 36, "num_statements": 147, "percent_covered": 24.489795918367346, "percent_covered_display": "24", "missing_lines": 111, "excluded_lines": 0}, "missing_lines": [49, 50, 51, 52, 55, 56, 57, 58, 59, 62, 67, 79, 80, 85, 86, 87, 92, 93, 95, 96, 97, 98, 99, 100, 101, 102, 103, 105, 106, 108, 128, 131, 132, 133, 136, 137, 138, 140, 145, 148, 149, 151, 152, 153, 154, 155, 157, 158, 159, 160, 162, 167, 169, 171, 172, 174, 175, 176, 177, 179, 191, 192, 195, 196, 197, 200, 201, 204, 207, 208, 209, 210, 212, 213, 214, 217, 218, 219, 220, 221, 222, 223, 224, 225, 226, 227, 228, 229, 231, 233, 251, 252, 254, 255, 256, 257, 259, 274, 276, 280, 281, 282, 287, 288, 289, 290, 291, 292, 294, 300, 321], "excluded_lines": [], "functions": {"ToolBridge.__init__": {"executed_lines": [], "summary": {"covered_lines": 0, "num_statements": 10, "percent_covered": 0.0, "percent_covered_display": "0", "missing_lines": 10, "excluded_lines": 0}, "missing_lines": [49, 50, 51, 52, 55, 56, 57, 58, 59, 62], "excluded_lines": []}, "ToolBridge.tool_names": {"executed_lines": [], "summary": {"covered_lines": 0, "num_statements": 1, "percent_covered": 0.0, "percent_covered_display": "0", "missing_lines": 1, "excluded_lines": 0}, "missing_lines": [67], "excluded_lines": []}, "ToolBridge.create_registry": {"executed_lines": [], "summary": {"covered_lines": 0, "num_statements": 2, "percent_covered": 0.0, "percent_covered_display": "0", "missing_lines": 2, "excluded_lines": 0}, "missing_lines": [79, 80], "excluded_lines": []}, "ToolBridge.close_registry": {"executed_lines": [], "summary": {"covered_lines": 0, "num_statements": 3, "percent_covered": 0.0, "percent_covered_display": "0", "missing_lines": 3, "excluded_lines": 0}, "missing_lines": [85, 86, 87], "excluded_lines": []}, "ToolBridge.get_tool_documentation": {"executed_lines": [], "summary": {"covered_lines": 0, "num_statements": 14, "percent_covered": 0.0, "percent_covered_display": "0", "missing_lines": 14, "excluded_lines": 0}, "missing_lines": [92, 93, 95, 96, 97, 98, 99, 100, 101, 102, 103, 105, 106, 108], "excluded_lines": []}, "ToolBridge.parse_tool_requests": {"executed_lines": [], "summary": {"covered_lines": 0, "num_statements": 8, "percent_covered": 0.0, "percent_covered_display": "0", "missing_lines": 8, "excluded_lines": 0}, "missing_lines": [128, 131, 132, 133, 136, 137, 138, 140], "excluded_lines": []}, "ToolBridge._parse_json_tools": {"executed_lines": [], "summary": {"covered_lines": 0, "num_statements": 13, "percent_covered": 0.0, "percent_covered_display": "0", "missing_lines": 13, "excluded_lines": 0}, "missing_lines": [145, 148, 149, 151, 152, 153, 154, 155, 157, 158, 159, 160, 162], "excluded_lines": []}, "ToolBridge._parse_inline_tools": {"executed_lines": [], "summary": {"covered_lines": 0, "num_statements": 9, "percent_covered": 0.0, "percent_covered_display": "0", "missing_lines": 9, "excluded_lines": 0}, "missing_lines": [167, 169, 171, 172, 174, 175, 176, 177, 179], "excluded_lines": []}, "ToolBridge._parse_inline_args": {"executed_lines": [], "summary": {"covered_lines": 0, "num_statements": 30, "percent_covered": 0.0, "percent_covered_display": "0", "missing_lines": 30, "excluded_lines": 0}, "missing_lines": [191, 192, 195, 196, 197, 200, 201, 204, 207, 208, 209, 210, 212, 213, 214, 217, 218, 219, 220, 221, 222, 223, 224, 225, 226, 227, 228, 229, 231, 233], "excluded_lines": []}, "ToolBridge.execute_tools": {"executed_lines": [], "summary": {"covered_lines": 0, "num_statements": 7, "percent_covered": 0.0, "percent_covered_display": "0", "missing_lines": 7, "excluded_lines": 0}, "missing_lines": [251, 252, 254, 255, 256, 257, 259], "excluded_lines": []}, "ToolBridge.format_results_for_verifiers": {"executed_lines": [], "summary": {"covered_lines": 0, "num_statements": 13, "percent_covered": 0.0, "percent_covered_display": "0", "missing_lines": 13, "excluded_lines": 0}, "missing_lines": [274, 276, 280, 281, 282, 287, 288, 289, 290, 291, 292, 294, 300], "excluded_lines": []}, "create_tool_bridge": {"executed_lines": [], "summary": {"covered_lines": 0, "num_statements": 1, "percent_covered": 0.0, "percent_covered_display": "0", "missing_lines": 1, "excluded_lines": 0}, "missing_lines": [321], "excluded_lines": []}, "": {"executed_lines": [1, 7, 9, 10, 11, 12, 14, 16, 17, 18, 19, 20, 23, 24, 33, 34, 64, 65, 69, 70, 82, 83, 89, 90, 110, 111, 142, 143, 164, 165, 181, 182, 235, 236, 261, 262, 303, 304], "summary": {"covered_lines": 36, "num_statements": 36, "percent_covered": 100.0, "percent_covered_display": "100", "missing_lines": 0, "excluded_lines": 0}, "missing_lines": [], "excluded_lines": []}}, "classes": {"ToolBridge": {"executed_lines": [], "summary": {"covered_lines": 0, "num_statements": 110, "percent_covered": 0.0, "percent_covered_display": "0", "missing_lines": 110, "excluded_lines": 0}, "missing_lines": [49, 50, 51, 52, 55, 56, 57, 58, 59, 62, 67, 79, 80, 85, 86, 87, 92, 93, 95, 96, 97, 98, 99, 100, 101, 102, 103, 105, 106, 108, 128, 131, 132, 133, 136, 137, 138, 140, 145, 148, 149, 151, 152, 153, 154, 155, 157, 158, 159, 160, 162, 167, 169, 171, 172, 174, 175, 176, 177, 179, 191, 192, 195, 196, 197, 200, 201, 204, 207, 208, 209, 210, 212, 213, 214, 217, 218, 219, 220, 221, 222, 223, 224, 225, 226, 227, 228, 229, 231, 233, 251, 252, 254, 255, 256, 257, 259, 274, 276, 280, 281, 282, 287, 288, 289, 290, 291, 292, 294, 300], "excluded_lines": []}, "": {"executed_lines": [1, 7, 9, 10, 11, 12, 14, 16, 17, 18, 19, 20, 23, 24, 33, 34, 64, 65, 69, 70, 82, 83, 89, 90, 110, 111, 142, 143, 164, 165, 181, 182, 235, 236, 261, 262, 303, 304], "summary": {"covered_lines": 36, "num_statements": 37, "percent_covered": 97.29729729729729, "percent_covered_display": "97", "missing_lines": 1, "excluded_lines": 0}, "missing_lines": [321], "excluded_lines": []}}}}, "totals": {"covered_lines": 876, "num_statements": 2799, "percent_covered": 31.29689174705252, "percent_covered_display": "31", "missing_lines": 1923, "excluded_lines": 7}}